#
# There is insufficient memory for the Java Runtime Environment to continue.
# Native memory allocation (mmap) failed to map 266338304 bytes for G1 virtual space
# Possible reasons:
#   The system is out of physical RAM or swap space
#   The process is running with CompressedOops enabled, and the Java Heap may be blocking the growth of the native heap
# Possible solutions:
#   Reduce memory load on the system
#   Increase physical memory or swap space
#   Check if swap backing store is full
#   Decrease Java heap size (-Xmx/-Xms)
#   Decrease number of Java threads
#   Decrease Java thread stack sizes (-Xss)
#   Set larger code cache with -XX:ReservedCodeCacheSize=
#   JVM is running with Zero Based Compressed Oops mode in which the Java heap is
#     placed in the first 32GB address space. The Java Heap base address is the
#     maximum limit for the native heap growth. Please use -XX:HeapBaseMinAddress
#     to set the Java Heap base and to place the Java Heap above 32GB virtual address.
# This output file may be truncated or incomplete.
#
#  Out of Memory Error (os_windows.cpp:3466), pid=13464, tid=19024
#
# JRE version:  (16.0.2+7) (build )
# Java VM: OpenJDK 64-Bit Server VM (16.0.2+7, mixed mode, sharing, tiered, compressed oops, compressed class ptrs, g1 gc, windows-amd64)
# No core dump will be written. Minidumps are not enabled by default on client versions of Windows
#

---------------  S U M M A R Y ------------

Command Line: -javaagent:E:\IntelliJ IDEA 2022.2.3\lib\idea_rt.jar=58038:E:\IntelliJ IDEA 2022.2.3\bin -Dfile.encoding=UTF-8 --module-path=C:\Users\danil\.m2\repository\org\controlsfx\controlsfx\11.1.2\controlsfx-11.1.2.jar;C:\Users\danil\.m2\repository\org\openjfx\javafx-controls\19.0.2.1\javafx-controls-19.0.2.1-win.jar;C:\Users\danil\.m2\repository\org\openjfx\javafx-media\19.0.2.1\javafx-media-19.0.2.1-win.jar;C:\Users\danil\.m2\repository\org\openjfx\javafx-base\19.0.2.1\javafx-base-19.0.2.1-win.jar;C:\Users\danil\.m2\repository\org\openjfx\javafx-fxml\19.0.2.1\javafx-fxml-19.0.2.1-win.jar;E:\IdeaProjects\ticketLib\out\artifacts\ticketLib_jar\ticketLib.jar;C:\Users\danil\.m2\repository\org\kordamp\bootstrapfx\bootstrapfx-core\0.4.0\bootstrapfx-core-0.4.0.jar;C:\Users\danil\.m2\repository\com\google\code\gson\gson\2.10.1\gson-2.10.1.jar;C:\Users\danil\.m2\repository\com\dlsc\formsfx\formsfx-core\11.6.0\formsfx-core-11.6.0.jar;C:\Users\danil\.m2\repository\org\openjfx\javafx-graphics\19.0.2.1\javafx-graphics-19.0.2.1-win.jar;E:\IdeaProjects\labafx\target\classes -Djdk.module.main=client.labafx client.labafx/client.labafx.Client

Host: Intel(R) Core(TM) i7-9750H CPU @ 2.60GHz, 12 cores, 15G,  Windows 10 , 64 bit Build 19041 (10.0.19041.2788)
Time: Wed May 10 05:11:57 2023 RTZ 2 (s 10 , 64 bit Build 19041 (10.0.19041.2788) elapsed time: 0.009301 seconds (0d 0h 0m 0s)

---------------  T H R E A D  ---------------

Current thread (0x0000021a63618b40):  JavaThread "Unknown thread" [_thread_in_vm, id=19024, stack(0x0000008bfe300000,0x0000008bfe400000)]

Stack: [0x0000008bfe300000,0x0000008bfe400000]
Native frames: (J=compiled Java code, j=interpreted, Vv=VM code, C=native code)
V  [jvm.dll+0x647e0a]
V  [jvm.dll+0x7f0549]
V  [jvm.dll+0x7f1cfe]
V  [jvm.dll+0x7f2343]
V  [jvm.dll+0x23dd88]
V  [jvm.dll+0x644b4a]
V  [jvm.dll+0x639795]
V  [jvm.dll+0x2f66f9]
V  [jvm.dll+0x2fd516]
V  [jvm.dll+0x34999a]
V  [jvm.dll+0x349bdf]
V  [jvm.dll+0x2cc918]
V  [jvm.dll+0x2cdb49]
V  [jvm.dll+0x7c4431]
V  [jvm.dll+0x356ee1]
V  [jvm.dll+0x7a30b0]
V  [jvm.dll+0x3d4c55]
V  [jvm.dll+0x3d69f1]
C  [jli.dll+0x5243]
C  [ucrtbase.dll+0x21bb2]
C  [KERNEL32.DLL+0x17604]
C  [ntdll.dll+0x526a1]


---------------  P R O C E S S  ---------------

Threads class SMR info:
_java_thread_list=0x00007ffb7e1e73d8, length=0, elements={
}

Java Threads: ( => current thread )

Other Threads:
  0x0000021a636656e0 GCTaskThread "GC Thread#0" [stack: 0x0000008bfe400000,0x0000008bfe500000] [id=19976]
  0x0000021a636789d0 ConcurrentGCThread "G1 Main Marker" [stack: 0x0000008bfe500000,0x0000008bfe600000] [id=18956]
  0x0000021a636794c0 ConcurrentGCThread "G1 Conc#0" [stack: 0x0000008bfe600000,0x0000008bfe700000] [id=17964]

[error occurred during error reporting (printing all threads), id 0xc0000005, EXCEPTION_ACCESS_VIOLATION (0xc0000005) at pc=0x00007ffb7d95e207]

VM state: not at safepoint (not fully initialized)

VM Mutex/Monitor currently owned by a thread:  ([mutex/lock_event])
[0x0000021a63612860] Heap_lock - owner thread: 0x0000021a63618b40

Heap address: 0x0000000702600000, size: 4058 MB, Compressed Oops mode: Zero based, Oop shift amount: 3

CDS archive(s) mapped at: [0x0000000000000000-0x0000000000000000-0x0000000000000000), size 0, SharedBaseAddress: 0x0000000800000000, ArchiveRelocationMode: 0.
Narrow klass base: 0x0000000000000000, Narrow klass shift: 0, Narrow klass range: 0x0

GC Precious Log:
<Empty>

Heap:
 garbage-first heap   total 0K, used 0K [0x0000000702600000, 0x0000000800000000)
  region size 2048K, 0 young (0K), 0 survivors (0K)

[error occurred during error reporting (printing heap information), id 0xc0000005, EXCEPTION_ACCESS_VIOLATION (0xc0000005) at pc=0x00007ffb7dd1ff7d]

GC Heap History (0 events):
No events

Deoptimization events (0 events):
No events

Classes unloaded (0 events):
No events

Classes redefined (0 events):
No events

Internal exceptions (0 events):
No events

Events (1 events):
Event: 0.006 Loaded shared library C:\JDK16\bin\java.dll


Dynamic libraries:
0x00007ff6180a0000 - 0x00007ff6180ad000 	C:\JDK16\bin\java.exe
0x00007ffbd0ed0000 - 0x00007ffbd10c8000 	C:\Windows\SYSTEM32\ntdll.dll
0x00007ffbcf200000 - 0x00007ffbcf2bf000 	C:\Windows\System32\KERNEL32.DLL
0x00007ffbce890000 - 0x00007ffbceb6a000 	C:\Windows\System32\KERNELBASE.dll
0x00007ffbcedc0000 - 0x00007ffbceec0000 	C:\Windows\System32\ucrtbase.dll
0x00007ffbcb110000 - 0x00007ffbcb128000 	C:\JDK16\bin\jli.dll
0x00007ffbc6220000 - 0x00007ffbc6235000 	C:\JDK16\bin\VCRUNTIME140.dll
0x00007ffbcf9a0000 - 0x00007ffbcfb3d000 	C:\Windows\System32\USER32.dll
0x00007ffbceb70000 - 0x00007ffbceb92000 	C:\Windows\System32\win32u.dll
0x00007ffbb10c0000 - 0x00007ffbb135a000 	C:\Windows\WinSxS\amd64_microsoft.windows.common-controls_6595b64144ccf1df_6.0.19041.1110_none_60b5254171f9507e\COMCTL32.dll
0x00007ffbcf790000 - 0x00007ffbcf7bb000 	C:\Windows\System32\GDI32.dll
0x00007ffbcf3a0000 - 0x00007ffbcf43e000 	C:\Windows\System32\msvcrt.dll
0x00007ffbce680000 - 0x00007ffbce790000 	C:\Windows\System32\gdi32full.dll
0x00007ffbce5e0000 - 0x00007ffbce67d000 	C:\Windows\System32\msvcp_win.dll
0x00007ffbd0470000 - 0x00007ffbd04a0000 	C:\Windows\System32\IMM32.DLL
0x00007ffbb6ff0000 - 0x00007ffbb708b000 	C:\JDK16\bin\msvcp140.dll
0x00007ffb7d680000 - 0x00007ffb7e289000 	C:\JDK16\bin\server\jvm.dll
0x00007ffbd04a0000 - 0x00007ffbd054e000 	C:\Windows\System32\ADVAPI32.dll
0x00007ffbd0550000 - 0x00007ffbd05ec000 	C:\Windows\System32\sechost.dll
0x00007ffbcf660000 - 0x00007ffbcf786000 	C:\Windows\System32\RPCRT4.dll
0x00007ffbcf900000 - 0x00007ffbcf908000 	C:\Windows\System32\PSAPI.DLL
0x00007ffbc7eb0000 - 0x00007ffbc7eba000 	C:\Windows\SYSTEM32\VERSION.dll
0x00007ffbb7090000 - 0x00007ffbb7099000 	C:\Windows\SYSTEM32\WSOCK32.dll
0x00007ffbbc8d0000 - 0x00007ffbbc8f7000 	C:\Windows\SYSTEM32\WINMM.dll
0x00007ffbd09b0000 - 0x00007ffbd0a1b000 	C:\Windows\System32\WS2_32.dll
0x00007ffbcc4a0000 - 0x00007ffbcc4b2000 	C:\Windows\SYSTEM32\kernel.appcore.dll
0x00007ffbcb0b0000 - 0x00007ffbcb0ba000 	C:\JDK16\bin\jimage.dll
0x00007ffbbc520000 - 0x00007ffbbc704000 	C:\Windows\SYSTEM32\DBGHELP.DLL
0x00007ffbb6d00000 - 0x00007ffbb6d34000 	C:\Windows\SYSTEM32\dbgcore.DLL
0x00007ffbced00000 - 0x00007ffbced82000 	C:\Windows\System32\bcryptPrimitives.dll
0x00007ffbc61e0000 - 0x00007ffbc61ee000 	C:\JDK16\bin\instrument.dll
0x00007ffbc61f0000 - 0x00007ffbc6215000 	C:\JDK16\bin\java.dll

dbghelp: loaded successfully - version: 4.0.5 - missing functions: none
symbol engine: initialized successfully - sym options: 0x614 - pdb path: .;C:\JDK16\bin;C:\Windows\SYSTEM32;C:\Windows\WinSxS\amd64_microsoft.windows.common-controls_6595b64144ccf1df_6.0.19041.1110_none_60b5254171f9507e;C:\JDK16\bin\server

VM Arguments:
jvm_args: -javaagent:E:\IntelliJ IDEA 2022.2.3\lib\idea_rt.jar=58038:E:\IntelliJ IDEA 2022.2.3\bin -Dfile.encoding=UTF-8 --module-path=C:\Users\danil\.m2\repository\org\controlsfx\controlsfx\11.1.2\controlsfx-11.1.2.jar;C:\Users\danil\.m2\repository\org\openjfx\javafx-controls\19.0.2.1\javafx-controls-19.0.2.1-win.jar;C:\Users\danil\.m2\repository\org\openjfx\javafx-media\19.0.2.1\javafx-media-19.0.2.1-win.jar;C:\Users\danil\.m2\repository\org\openjfx\javafx-base\19.0.2.1\javafx-base-19.0.2.1-win.jar;C:\Users\danil\.m2\repository\org\openjfx\javafx-fxml\19.0.2.1\javafx-fxml-19.0.2.1-win.jar;E:\IdeaProjects\ticketLib\out\artifacts\ticketLib_jar\ticketLib.jar;C:\Users\danil\.m2\repository\org\kordamp\bootstrapfx\bootstrapfx-core\0.4.0\bootstrapfx-core-0.4.0.jar;C:\Users\danil\.m2\repository\com\google\code\gson\gson\2.10.1\gson-2.10.1.jar;C:\Users\danil\.m2\repository\com\dlsc\formsfx\formsfx-core\11.6.0\formsfx-core-11.6.0.jar;C:\Users\danil\.m2\repository\org\openjfx\javafx-graphics\19.0.2.1\javafx-graphics-19.0.2.1-win.jar;E:\IdeaProjects\labafx\target\classes -Djdk.module.main=client.labafx 
java_command: client.labafx/client.labafx.Client
java_class_path (initial): C:\Users\danil\.m2\repository\org\jfxtras\jfxtras-labs\9.0-r1\jfxtras-labs-9.0-r1.jar;C:\Users\danil\.m2\repository\org\jfxtras\jfxtras-all\9.0-r1\jfxtras-all-9.0-r1.jar;C:\Users\danil\.m2\repository\org\jfxtras\jfxtras-agenda\9.0-r1\jfxtras-agenda-9.0-r1.jar;C:\Users\danil\.m2\repository\org\jfxtras\jfxtras-common\9.0-r1\jfxtras-common-9.0-r1.jar;C:\Users\danil\.m2\repository\org\jfxtras\jfxtras-controls\9.0-r1\jfxtras-controls-9.0-r1.jar;C:\Users\danil\.m2\repository\org\jfxtras\jfxtras-fxml\9.0-r1\jfxtras-fxml-9.0-r1.jar;C:\Users\danil\.m2\repository\org\jfxtras\jfxtras-font-roboto\9.0-r1\jfxtras-font-roboto-9.0-r1.jar;C:\Users\danil\.m2\repository\org\jfxtras\jfxtras-gauge-linear\9.0-r1\jfxtras-gauge-linear-9.0-r1.jar;C:\Users\danil\.m2\repository\org\jfxtras\jfxtras-icalendaragenda\9.0-r1\jfxtras-icalendaragenda-9.0-r1.jar;C:\Users\danil\.m2\repository\org\jfxtras\jfxtras-icalendarfx\9.0-r1\jfxtras-icalendarfx-9.0-r1.jar;C:\Users\danil\.m2\repository\org\jfxtras\jfxtras-menu\9.0-r1\jfxtras-menu-9.0-r1.jar;C:\Users\danil\.m2\repository\org\openjfx\javafx-controls\19.0.2.1\javafx-controls-19.0.2.1.jar;C:\Users\danil\.m2\repository\org\openjfx\javafx-graphics\19.0.2.1\javafx-graphics-19.0.2.1.jar;C:\Users\danil\.m2\repository\org\openjfx\javafx-base\19.0.2.1\javafx-base-19.0.2.1.jar;C:\Users\danil\.m2\repository\org\openjfx\javafx-fxml\19.0.2.1\javafx-fxml-19.0.2.1.jar;C:\Users\danil\.m2\repository\org\openjfx\javafx-media\19.0.2.1\javafx-media-19.0.2.1.jar;C:\Users\danil\.m2\repository\org\apache\logging\log4j\log4j-core\2.20.0\log4j-core-2.20.0.jar;C:\Users\danil\.m2\repository\org\apache\logging\log4j\log4j-api\2.20.0\log4j-api-2.20.0.jar;C:\Users\danil\.m2\repository\org\postgresql\postgresql\42.6.0\postgresql-42.6.0.jar;C:\Users\danil\.m2\repository\org\checkerframework\checker-qual\3.31.0\checker-qual-3.31.0.jar
Launcher Type: SUN_STANDARD

[Global flags]
     intx CICompilerCount                          = 4                                         {product} {ergonomic}
     uint ConcGCThreads                            = 3                                         {product} {ergonomic}
     uint G1ConcRefinementThreads                  = 10                                        {product} {ergonomic}
   size_t G1HeapRegionSize                         = 2097152                                   {product} {ergonomic}
    uintx GCDrainStackTargetSize                   = 64                                        {product} {ergonomic}
   size_t InitialHeapSize                          = 266338304                                 {product} {ergonomic}
   size_t MarkStackSize                            = 4194304                                   {product} {ergonomic}
   size_t MaxHeapSize                              = 4255121408                                {product} {ergonomic}
   size_t MinHeapDeltaBytes                        = 2097152                                   {product} {ergonomic}
   size_t MinHeapSize                              = 8388608                                   {product} {ergonomic}
    uintx NonNMethodCodeHeapSize                   = 5839372                                {pd product} {ergonomic}
    uintx NonProfiledCodeHeapSize                  = 122909434                              {pd product} {ergonomic}
    uintx ProfiledCodeHeapSize                     = 122909434                              {pd product} {ergonomic}
    uintx ReservedCodeCacheSize                    = 251658240                              {pd product} {ergonomic}
     bool SegmentedCodeCache                       = true                                      {product} {ergonomic}
   size_t SoftMaxHeapSize                          = 4255121408                             {manageable} {ergonomic}
     bool UseCompressedClassPointers               = true                           {product lp64_product} {ergonomic}
     bool UseCompressedOops                        = true                           {product lp64_product} {ergonomic}
     bool UseG1GC                                  = true                                      {product} {ergonomic}
     bool UseLargePagesIndividualAllocation        = false                                  {pd product} {ergonomic}

Logging:
Log output configuration:
 #0: stdout all=warning uptime,level,tags
 #1: stderr all=off uptime,level,tags

Environment Variables:
PATH=C:\ProgramData\Oracle\Java\javapath;C:\Windows\system32;C:\Windows;C:\Windows\System32\Wbem;C:\Windows\System32\WindowsPowerShell\v1.0\;C:\Windows\System32\OpenSSH\;C:\Program Files\NVIDIA Corporation\NVIDIA NvDLISR;C:\Program Files\dotnet\;C:\Program Files (x86)\NVIDIA Corporation\PhysX\Common;C:\Program Files\Git\cmd;C:\Program Files\WorldPainter;C:\Python310\Scripts\;C:\Python310\;C:\Python311\Scripts\;C:\Python311\;C:\Python36\Scripts\;C:\Python36\;C:\Users\danil\AppData\Local\Microsoft\WindowsApps;;E:\IntelliJ IDEA 2022.2.3\bin;;E:\CLion 2022.2.3\bin;;E:\PyCharm 2022.2.2\bin;
USERNAME=danil
OS=Windows_NT
PROCESSOR_IDENTIFIER=Intel64 Family 6 Model 158 Stepping 10, GenuineIntel



---------------  S Y S T E M  ---------------

OS:
 Windows 10 , 64 bit Build 19041 (10.0.19041.2788)
OS uptime: 1 days 5:30 hours

CPU: total 12 (initial active 12) (6 cores per cpu, 2 threads per core) family 6 model 158 stepping 10 microcode 0xb4, cx8, cmov, fxsr, ht, mmx, 3dnowpref, sse, sse2, sse3, ssse3, sse4.1, sse4.2, popcnt, lzcnt, tsc, tscinvbit, avx, avx2, aes, erms, clmul, bmi1, bmi2, adx, fma, vzeroupper, clflush, clflushopt

Memory: 4k page, system-wide physical 16227M (3841M free)
TotalPageFile size 34896M (AvailPageFile size 191M)
current process WorkingSet (physical memory assigned to process): 10M, peak: 10M
current process commit charge ("private bytes"): 64M, peak: 318M

vm_info: OpenJDK 64-Bit Server VM (16.0.2+7) for windows-amd64 JRE (16.0.2+7), built on Jul 22 2021 01:11:46 by "Administrator" with MS VC++ 15.9 (VS2017)

END.
