#
# There is insufficient memory for the Java Runtime Environment to continue.
# Native memory allocation (malloc) failed to allocate 1237824 bytes for Chunk::new
# Possible reasons:
#   The system is out of physical RAM or swap space
#   The process is running with CompressedOops enabled, and the Java Heap may be blocking the growth of the native heap
# Possible solutions:
#   Reduce memory load on the system
#   Increase physical memory or swap space
#   Check if swap backing store is full
#   Decrease Java heap size (-Xmx/-Xms)
#   Decrease number of Java threads
#   Decrease Java thread stack sizes (-Xss)
#   Set larger code cache with -XX:ReservedCodeCacheSize=
#   JVM is running with Zero Based Compressed Oops mode in which the Java heap is
#     placed in the first 32GB address space. The Java Heap base address is the
#     maximum limit for the native heap growth. Please use -XX:HeapBaseMinAddress
#     to set the Java Heap base and to place the Java Heap above 32GB virtual address.
# This output file may be truncated or incomplete.
#
#  Out of Memory Error (arena.cpp:195), pid=16004, tid=10836
#
# JRE version: OpenJDK Runtime Environment Corretto-16.0.2.7.1 (16.0.2+7) (build 16.0.2+7)
# Java VM: OpenJDK 64-Bit Server VM Corretto-16.0.2.7.1 (16.0.2+7, mixed mode, sharing, tiered, compressed oops, compressed class ptrs, g1 gc, windows-amd64)
# No core dump will be written. Minidumps are not enabled by default on client versions of Windows
#

---------------  S U M M A R Y ------------

Command Line: -javaagent:E:\IntelliJ IDEA 2022.2.3\lib\idea_rt.jar=60445:E:\IntelliJ IDEA 2022.2.3\bin -Dfile.encoding=UTF-8 --module-path=C:\Users\danil\.m2\repository\org\controlsfx\controlsfx\11.1.2\controlsfx-11.1.2.jar;E:\IdeaProjects\ticketLib\out\artifacts\ticketLib_jar\ticketLib.jar;C:\Users\danil\.m2\repository\com\gluonhq\attach\audio\4.0.9\audio-4.0.9.jar;C:\Users\danil\.m2\repository\com\fasterxml\jackson\core\jackson-annotations\2.12.1\jackson-annotations-2.12.1.jar;C:\Users\danil\.m2\repository\com\github\almasb\fxgl\11.17\fxgl-11.17.jar;C:\Users\danil\.m2\repository\org\openjfx\javafx-graphics\19.0.2.1\javafx-graphics-19.0.2.1-win.jar;E:\IdeaProjects\labafx\target\classes;C:\Users\danil\.m2\repository\org\openjfx\javafx-media\19.0.2.1\javafx-media-19.0.2.1-win.jar;C:\Users\danil\.m2\repository\com\fasterxml\jackson\core\jackson-core\2.12.1\jackson-core-2.12.1.jar;C:\Users\danil\.m2\repository\org\openjfx\javafx-fxml\19.0.2.1\javafx-fxml-19.0.2.1-win.jar;C:\Users\danil\.m2\repository\com\dlsc\formsfx\formsfx-core\11.6.0\formsfx-core-11.6.0.jar;C:\Users\danil\.m2\repository\com\github\almasb\fxgl-scene\11.17\fxgl-scene-11.17.jar;C:\Users\danil\.m2\repository\com\github\almasb\fxgl-io\11.17\fxgl-io-11.17.jar;C:\Users\danil\.m2\repository\org\kordamp\bootstrapfx\bootstrapfx-core\0.4.0\bootstrapfx-core-0.4.0.jar;C:\Users\danil\.m2\repository\com\gluonhq\attach\lifecycle\4.0.9\lifecycle-4.0.9.jar;C:\Users\danil\.m2\repository\org\openjfx\javafx-base\19.0.2.1\javafx-base-19.0.2.1-win.jar;C:\Users\danil\.m2\repository\com\gluonhq\attach\storage\4.0.9\storage-4.0.9.jar;C:\Users\danil\.m2\repository\org\jetbrains\kotlin\kotlin-stdlib\1.5.10\kotlin-stdlib-1.5.10-modular.jar;C:\Users\danil\.m2\repository\com\github\almasb\fxgl-gameplay\11.17\fxgl-gameplay-11.17.jar;C:\Users\danil\.m2\repository\com\fasterxml\jackson\core\jackson-databind\2.12.1\jackson-databind-2.12.1.jar;C:\Users\danil\.m2\repository\com\google\code\gson\gson\2.10.1\gson-2.10.1.jar;C:\Users\danil\.m2\repository\com\github\almasb\fxgl-core\11.17\fxgl-core-11.17.jar;C:\Users\danil\.m2\repository\org\openjfx\javafx-cont-Djdk.module.main=client.labafx client.labafx/client.labafx.Client

Host: Intel(R) Core(TM) i7-9750H CPU @ 2.60GHz, 12 cores, 15G,  Windows 10 , 64 bit Build 19041 (10.0.19041.2788)
Time: Sun Apr 30 21:12:14 2023 RTZ 2 (s 10 , 64 bit Build 19041 (10.0.19041.2788) elapsed time: 4.788659 seconds (0d 0h 0m 4s)

---------------  T H R E A D  ---------------

Current thread (0x000001e07d992260):  JavaThread "C2 CompilerThread0" daemon [_thread_in_native, id=10836, stack(0x00000044a7c00000,0x00000044a7d00000)]


Current CompileTask:
C2:   4788 2778       4       javafx.scene.CssStyleHelper::resolveLookups (463 bytes)

Stack: [0x00000044a7c00000,0x00000044a7d00000]
Native frames: (J=compiled Java code, j=interpreted, Vv=VM code, C=native code)
V  [jvm.dll+0x647e0a]
V  [jvm.dll+0x7f0549]
V  [jvm.dll+0x7f1cfe]
V  [jvm.dll+0x7f2343]
V  [jvm.dll+0x23dd88]
V  [jvm.dll+0xc879a]
V  [jvm.dll+0xc8d4c]
V  [jvm.dll+0x351627]
V  [jvm.dll+0x31b53f]
V  [jvm.dll+0x31a97a]
V  [jvm.dll+0x210990]
V  [jvm.dll+0x20ff17]
V  [jvm.dll+0x1a0d9b]
V  [jvm.dll+0x21f909]
V  [jvm.dll+0x21da9b]
V  [jvm.dll+0x7a8662]
V  [jvm.dll+0x7a223a]
V  [jvm.dll+0x646c46]
C  [ucrtbase.dll+0x21bb2]
C  [KERNEL32.DLL+0x17604]
C  [ntdll.dll+0x526a1]


---------------  P R O C E S S  ---------------

Threads class SMR info:
_java_thread_list=0x000001e0069d6ed0, length=24, elements={
0x000001e05972a820, 0x000001e07d951e60, 0x000001e07d952a60, 0x000001e07d96a250,
0x000001e07d98cb80, 0x000001e07d98d580, 0x000001e07d98df80, 0x000001e07d992260,
0x000001e07d99ad60, 0x000001e07d99cbb0, 0x000001e07d936c00, 0x000001e07e9711b0,
0x000001e07eba8df0, 0x000001e07ed36c40, 0x000001e07e5d70b0, 0x000001e07efb8f40,
0x000001e0001d0e00, 0x000001e0002210e0, 0x000001e000246bf0, 0x000001e0002456b0,
0x000001e000247140, 0x000001e000245160, 0x000001e006a17040, 0x000001e0009fb760
}

Java Threads: ( => current thread )
  0x000001e05972a820 JavaThread "main" [_thread_blocked, id=18144, stack(0x00000044a6f00000,0x00000044a7000000)]
  0x000001e07d951e60 JavaThread "Reference Handler" daemon [_thread_blocked, id=5356, stack(0x00000044a7600000,0x00000044a7700000)]
  0x000001e07d952a60 JavaThread "Finalizer" daemon [_thread_blocked, id=11888, stack(0x00000044a7700000,0x00000044a7800000)]
  0x000001e07d96a250 JavaThread "Signal Dispatcher" daemon [_thread_blocked, id=12624, stack(0x00000044a7800000,0x00000044a7900000)]
  0x000001e07d98cb80 JavaThread "Attach Listener" daemon [_thread_blocked, id=6400, stack(0x00000044a7900000,0x00000044a7a00000)]
  0x000001e07d98d580 JavaThread "Service Thread" daemon [_thread_blocked, id=13132, stack(0x00000044a7a00000,0x00000044a7b00000)]
  0x000001e07d98df80 JavaThread "Monitor Deflation Thread" daemon [_thread_blocked, id=3456, stack(0x00000044a7b00000,0x00000044a7c00000)]
=>0x000001e07d992260 JavaThread "C2 CompilerThread0" daemon [_thread_in_native, id=10836, stack(0x00000044a7c00000,0x00000044a7d00000)]
  0x000001e07d99ad60 JavaThread "C1 CompilerThread0" daemon [_thread_blocked, id=9520, stack(0x00000044a7d00000,0x00000044a7e00000)]
  0x000001e07d99cbb0 JavaThread "Sweeper thread" daemon [_thread_blocked, id=11260, stack(0x00000044a7e00000,0x00000044a7f00000)]
  0x000001e07d936c00 JavaThread "Common-Cleaner" daemon [_thread_blocked, id=12512, stack(0x00000044a7f00000,0x00000044a8000000)]
  0x000001e07e9711b0 JavaThread "Monitor Ctrl-Break" daemon [_thread_in_native, id=6628, stack(0x00000044a8200000,0x00000044a8300000)]
  0x000001e07eba8df0 JavaThread "Notification Thread" daemon [_thread_blocked, id=11268, stack(0x00000044a8300000,0x00000044a8400000)]
  0x000001e07ed36c40 JavaThread "QuantumRenderer-0" daemon [_thread_blocked, id=13356, stack(0x00000044a8500000,0x00000044a8600000)]
  0x000001e07e5d70b0 JavaThread "InvokeLaterDispatcher" daemon [_thread_blocked, id=17044, stack(0x00000044a8100000,0x00000044a8200000)]
  0x000001e07efb8f40 JavaThread "JavaFX Application Thread" [_thread_in_native, id=11096, stack(0x00000044a8600000,0x00000044a8700000)]
  0x000001e0001d0e00 JavaThread "Thread-1" daemon [_thread_in_native, id=14400, stack(0x00000044a8f00000,0x00000044a9000000)]
  0x000001e0002210e0 JavaThread "JavaFX-Launcher" [_thread_blocked, id=14192, stack(0x00000044a9000000,0x00000044a9100000)]
  0x000001e000246bf0 JavaThread "Thread-3" [_thread_in_native, id=4904, stack(0x00000044a9100000,0x00000044a9200000)]
  0x000001e0002456b0 JavaThread "Thread-4" [_thread_blocked, id=9644, stack(0x00000044a9200000,0x00000044a9300000)]
  0x000001e000247140 JavaThread "Prism Font Disposer" daemon [_thread_blocked, id=4988, stack(0x00000044a9700000,0x00000044a9800000)]
  0x000001e000245160 JavaThread "Cleaner-0" daemon [_thread_blocked, id=4772, stack(0x00000044a9c00000,0x00000044a9d00000)]
  0x000001e006a17040 JavaThread "C2 CompilerThread1" daemon [_thread_blocked, id=7664, stack(0x00000044a8000000,0x00000044a8100000)]
  0x000001e0009fb760 JavaThread "C2 CompilerThread2" daemon [_thread_blocked, id=8352, stack(0x00000044a9300000,0x00000044a9400000)]

Other Threads:
  0x000001e07d94f380 VMThread "VM Thread" [stack: 0x00000044a7500000,0x00000044a7600000] [id=20528]
  0x000001e07e755a40 WatcherThread [stack: 0x00000044a8400000,0x00000044a8500000] [id=7756]
  0x000001e059778140 GCTaskThread "GC Thread#0" [stack: 0x00000044a7000000,0x00000044a7100000] [id=2140]
  0x000001e000146b00 GCTaskThread "GC Thread#1" [stack: 0x00000044a8a00000,0x00000044a8b00000] [id=19204]
  0x000001e000146e10 GCTaskThread "GC Thread#2" [stack: 0x00000044a8b00000,0x00000044a8c00000] [id=7820]
  0x000001e07efcc210 GCTaskThread "GC Thread#3" [stack: 0x00000044a8c00000,0x00000044a8d00000] [id=14168]
  0x000001e0001467e0 GCTaskThread "GC Thread#4" [stack: 0x00000044a8d00000,0x00000044a8e00000] [id=18692]
  0x000001e00015d9b0 GCTaskThread "GC Thread#5" [stack: 0x00000044a8e00000,0x00000044a8f00000] [id=9980]
  0x000001e0001db480 GCTaskThread "GC Thread#6" [stack: 0x00000044a9800000,0x00000044a9900000] [id=9816]
  0x000001e0001da840 GCTaskThread "GC Thread#7" [stack: 0x00000044a9900000,0x00000044a9a00000] [id=6232]
  0x000001e0001dab50 GCTaskThread "GC Thread#8" [stack: 0x00000044a9a00000,0x00000044a9b00000] [id=6140]
  0x000001e0001db790 GCTaskThread "GC Thread#9" [stack: 0x00000044a9b00000,0x00000044a9c00000] [id=19948]
  0x000001e059789ec0 ConcurrentGCThread "G1 Main Marker" [stack: 0x00000044a7100000,0x00000044a7200000] [id=8656]
  0x000001e05978b090 ConcurrentGCThread "G1 Conc#0" [stack: 0x00000044a7200000,0x00000044a7300000] [id=10640]
  0x000001e07d8020c0 ConcurrentGCThread "G1 Refine#0" [stack: 0x00000044a7300000,0x00000044a7400000] [id=8808]
  0x000001e07d802a60 ConcurrentGCThread "G1 Service" [stack: 0x00000044a7400000,0x00000044a7500000] [id=12408]

Threads with active compile tasks:
C2 CompilerThread0     4821 2778       4       javafx.scene.CssStyleHelper::resolveLookups (463 bytes)

VM state: not at safepoint (normal execution)

VM Mutex/Monitor currently owned by a thread: None

Heap address: 0x0000000702600000, size: 4058 MB, Compressed Oops mode: Zero based, Oop shift amount: 3

CDS archive(s) mapped at: [0x0000000800000000-0x0000000800be0000-0x0000000800be0000), size 12451840, SharedBaseAddress: 0x0000000800000000, ArchiveRelocationMode: 0.
Compressed class space mapped at: 0x0000000800c00000-0x0000000840c00000, reserved size: 1073741824
Narrow klass base: 0x0000000800000000, Narrow klass shift: 3, Narrow klass range: 0x100000000

GC Precious Log:
 CPUs: 12 total, 12 available
 Memory: 16227M
 Large Page Support: Disabled
 NUMA Support: Disabled
 Compressed Oops: Enabled (Zero based)
 Heap Region Size: 2M
 Heap Min Capacity: 8M
 Heap Initial Capacity: 254M
 Heap Max Capacity: 4058M
 Pre-touch: Disabled
 Parallel Workers: 10
 Concurrent Workers: 3
 Concurrent Refinement Workers: 10
 Periodic GC: Disabled

Heap:
 garbage-first heap   total 260096K, used 36104K [0x0000000702600000, 0x0000000800000000)
  region size 2048K, 17 young (34816K), 3 survivors (6144K)
 Metaspace       used 19795K, committed 20160K, reserved 1073152K
  class space    used 2899K, committed 3072K, reserved 1048576K

Heap Regions: E=young(eden), S=young(survivor), O=old, HS=humongous(starts), HC=humongous(continues), CS=collection set, F=free, OA=open archive, CA=closed archive, TAMS=top-at-mark-start (previous, next)
|   0|0x0000000702600000, 0x0000000702742200, 0x0000000702800000| 62%| O|  |TAMS 0x0000000702600000, 0x0000000702600000| Untracked 
|   1|0x0000000702800000, 0x0000000702a00000, 0x0000000702a00000|100%|HS|  |TAMS 0x0000000702800000, 0x0000000702800000| Complete 
|   2|0x0000000702a00000, 0x0000000702a00000, 0x0000000702c00000|  0%| F|  |TAMS 0x0000000702a00000, 0x0000000702a00000| Untracked 
|   3|0x0000000702c00000, 0x0000000702c00000, 0x0000000702e00000|  0%| F|  |TAMS 0x0000000702c00000, 0x0000000702c00000| Untracked 
|   4|0x0000000702e00000, 0x0000000702e00000, 0x0000000703000000|  0%| F|  |TAMS 0x0000000702e00000, 0x0000000702e00000| Untracked 
|   5|0x0000000703000000, 0x0000000703000000, 0x0000000703200000|  0%| F|  |TAMS 0x0000000703000000, 0x0000000703000000| Untracked 
|   6|0x0000000703200000, 0x0000000703200000, 0x0000000703400000|  0%| F|  |TAMS 0x0000000703200000, 0x0000000703200000| Untracked 
|   7|0x0000000703400000, 0x0000000703400000, 0x0000000703600000|  0%| F|  |TAMS 0x0000000703400000, 0x0000000703400000| Untracked 
|   8|0x0000000703600000, 0x0000000703600000, 0x0000000703800000|  0%| F|  |TAMS 0x0000000703600000, 0x0000000703600000| Untracked 
|   9|0x0000000703800000, 0x0000000703800000, 0x0000000703a00000|  0%| F|  |TAMS 0x0000000703800000, 0x0000000703800000| Untracked 
|  10|0x0000000703a00000, 0x0000000703a00000, 0x0000000703c00000|  0%| F|  |TAMS 0x0000000703a00000, 0x0000000703a00000| Untracked 
|  11|0x0000000703c00000, 0x0000000703c00000, 0x0000000703e00000|  0%| F|  |TAMS 0x0000000703c00000, 0x0000000703c00000| Untracked 
|  12|0x0000000703e00000, 0x0000000703e00000, 0x0000000704000000|  0%| F|  |TAMS 0x0000000703e00000, 0x0000000703e00000| Untracked 
|  13|0x0000000704000000, 0x0000000704000000, 0x0000000704200000|  0%| F|  |TAMS 0x0000000704000000, 0x0000000704000000| Untracked 
|  14|0x0000000704200000, 0x0000000704200000, 0x0000000704400000|  0%| F|  |TAMS 0x0000000704200000, 0x0000000704200000| Untracked 
|  15|0x0000000704400000, 0x0000000704400000, 0x0000000704600000|  0%| F|  |TAMS 0x0000000704400000, 0x0000000704400000| Untracked 
|  16|0x0000000704600000, 0x0000000704600000, 0x0000000704800000|  0%| F|  |TAMS 0x0000000704600000, 0x0000000704600000| Untracked 
|  17|0x0000000704800000, 0x0000000704800000, 0x0000000704a00000|  0%| F|  |TAMS 0x0000000704800000, 0x0000000704800000| Untracked 
|  18|0x0000000704a00000, 0x0000000704a00000, 0x0000000704c00000|  0%| F|  |TAMS 0x0000000704a00000, 0x0000000704a00000| Untracked 
|  19|0x0000000704c00000, 0x0000000704c00000, 0x0000000704e00000|  0%| F|  |TAMS 0x0000000704c00000, 0x0000000704c00000| Untracked 
|  20|0x0000000704e00000, 0x0000000704e00000, 0x0000000705000000|  0%| F|  |TAMS 0x0000000704e00000, 0x0000000704e00000| Untracked 
|  21|0x0000000705000000, 0x0000000705000000, 0x0000000705200000|  0%| F|  |TAMS 0x0000000705000000, 0x0000000705000000| Untracked 
|  22|0x0000000705200000, 0x0000000705200000, 0x0000000705400000|  0%| F|  |TAMS 0x0000000705200000, 0x0000000705200000| Untracked 
|  23|0x0000000705400000, 0x0000000705400000, 0x0000000705600000|  0%| F|  |TAMS 0x0000000705400000, 0x0000000705400000| Untracked 
|  24|0x0000000705600000, 0x0000000705600000, 0x0000000705800000|  0%| F|  |TAMS 0x0000000705600000, 0x0000000705600000| Untracked 
|  25|0x0000000705800000, 0x0000000705800000, 0x0000000705a00000|  0%| F|  |TAMS 0x0000000705800000, 0x0000000705800000| Untracked 
|  26|0x0000000705a00000, 0x0000000705a00000, 0x0000000705c00000|  0%| F|  |TAMS 0x0000000705a00000, 0x0000000705a00000| Untracked 
|  27|0x0000000705c00000, 0x0000000705c00000, 0x0000000705e00000|  0%| F|  |TAMS 0x0000000705c00000, 0x0000000705c00000| Untracked 
|  28|0x0000000705e00000, 0x0000000705e00000, 0x0000000706000000|  0%| F|  |TAMS 0x0000000705e00000, 0x0000000705e00000| Untracked 
|  29|0x0000000706000000, 0x0000000706000000, 0x0000000706200000|  0%| F|  |TAMS 0x0000000706000000, 0x0000000706000000| Untracked 
|  30|0x0000000706200000, 0x0000000706200000, 0x0000000706400000|  0%| F|  |TAMS 0x0000000706200000, 0x0000000706200000| Untracked 
|  31|0x0000000706400000, 0x0000000706400000, 0x0000000706600000|  0%| F|  |TAMS 0x0000000706400000, 0x0000000706400000| Untracked 
|  32|0x0000000706600000, 0x0000000706600000, 0x0000000706800000|  0%| F|  |TAMS 0x0000000706600000, 0x0000000706600000| Untracked 
|  33|0x0000000706800000, 0x0000000706800000, 0x0000000706a00000|  0%| F|  |TAMS 0x0000000706800000, 0x0000000706800000| Untracked 
|  34|0x0000000706a00000, 0x0000000706a00000, 0x0000000706c00000|  0%| F|  |TAMS 0x0000000706a00000, 0x0000000706a00000| Untracked 
|  35|0x0000000706c00000, 0x0000000706c00000, 0x0000000706e00000|  0%| F|  |TAMS 0x0000000706c00000, 0x0000000706c00000| Untracked 
|  36|0x0000000706e00000, 0x0000000706e00000, 0x0000000707000000|  0%| F|  |TAMS 0x0000000706e00000, 0x0000000706e00000| Untracked 
|  37|0x0000000707000000, 0x0000000707000000, 0x0000000707200000|  0%| F|  |TAMS 0x0000000707000000, 0x0000000707000000| Untracked 
|  38|0x0000000707200000, 0x0000000707200000, 0x0000000707400000|  0%| F|  |TAMS 0x0000000707200000, 0x0000000707200000| Untracked 
|  39|0x0000000707400000, 0x0000000707400000, 0x0000000707600000|  0%| F|  |TAMS 0x0000000707400000, 0x0000000707400000| Untracked 
|  40|0x0000000707600000, 0x0000000707600000, 0x0000000707800000|  0%| F|  |TAMS 0x0000000707600000, 0x0000000707600000| Untracked 
|  41|0x0000000707800000, 0x0000000707800000, 0x0000000707a00000|  0%| F|  |TAMS 0x0000000707800000, 0x0000000707800000| Untracked 
|  42|0x0000000707a00000, 0x0000000707a00000, 0x0000000707c00000|  0%| F|  |TAMS 0x0000000707a00000, 0x0000000707a00000| Untracked 
|  43|0x0000000707c00000, 0x0000000707c00000, 0x0000000707e00000|  0%| F|  |TAMS 0x0000000707c00000, 0x0000000707c00000| Untracked 
|  44|0x0000000707e00000, 0x0000000707e00000, 0x0000000708000000|  0%| F|  |TAMS 0x0000000707e00000, 0x0000000707e00000| Untracked 
|  45|0x0000000708000000, 0x0000000708000000, 0x0000000708200000|  0%| F|  |TAMS 0x0000000708000000, 0x0000000708000000| Untracked 
|  46|0x0000000708200000, 0x0000000708200000, 0x0000000708400000|  0%| F|  |TAMS 0x0000000708200000, 0x0000000708200000| Untracked 
|  47|0x0000000708400000, 0x0000000708400000, 0x0000000708600000|  0%| F|  |TAMS 0x0000000708400000, 0x0000000708400000| Untracked 
|  48|0x0000000708600000, 0x0000000708600000, 0x0000000708800000|  0%| F|  |TAMS 0x0000000708600000, 0x0000000708600000| Untracked 
|  49|0x0000000708800000, 0x0000000708800000, 0x0000000708a00000|  0%| F|  |TAMS 0x0000000708800000, 0x0000000708800000| Untracked 
|  50|0x0000000708a00000, 0x0000000708a00000, 0x0000000708c00000|  0%| F|  |TAMS 0x0000000708a00000, 0x0000000708a00000| Untracked 
|  51|0x0000000708c00000, 0x0000000708c00000, 0x0000000708e00000|  0%| F|  |TAMS 0x0000000708c00000, 0x0000000708c00000| Untracked 
|  52|0x0000000708e00000, 0x0000000708e00000, 0x0000000709000000|  0%| F|  |TAMS 0x0000000708e00000, 0x0000000708e00000| Untracked 
|  53|0x0000000709000000, 0x0000000709000000, 0x0000000709200000|  0%| F|  |TAMS 0x0000000709000000, 0x0000000709000000| Untracked 
|  54|0x0000000709200000, 0x0000000709200000, 0x0000000709400000|  0%| F|  |TAMS 0x0000000709200000, 0x0000000709200000| Untracked 
|  55|0x0000000709400000, 0x0000000709400000, 0x0000000709600000|  0%| F|  |TAMS 0x0000000709400000, 0x0000000709400000| Untracked 
|  56|0x0000000709600000, 0x0000000709600000, 0x0000000709800000|  0%| F|  |TAMS 0x0000000709600000, 0x0000000709600000| Untracked 
|  57|0x0000000709800000, 0x0000000709800000, 0x0000000709a00000|  0%| F|  |TAMS 0x0000000709800000, 0x0000000709800000| Untracked 
|  58|0x0000000709a00000, 0x0000000709a00000, 0x0000000709c00000|  0%| F|  |TAMS 0x0000000709a00000, 0x0000000709a00000| Untracked 
|  59|0x0000000709c00000, 0x0000000709c00000, 0x0000000709e00000|  0%| F|  |TAMS 0x0000000709c00000, 0x0000000709c00000| Untracked 
|  60|0x0000000709e00000, 0x0000000709e00000, 0x000000070a000000|  0%| F|  |TAMS 0x0000000709e00000, 0x0000000709e00000| Untracked 
|  61|0x000000070a000000, 0x000000070a000000, 0x000000070a200000|  0%| F|  |TAMS 0x000000070a000000, 0x000000070a000000| Untracked 
|  62|0x000000070a200000, 0x000000070a200000, 0x000000070a400000|  0%| F|  |TAMS 0x000000070a200000, 0x000000070a200000| Untracked 
|  63|0x000000070a400000, 0x000000070a400000, 0x000000070a600000|  0%| F|  |TAMS 0x000000070a400000, 0x000000070a400000| Untracked 
|  64|0x000000070a600000, 0x000000070a600000, 0x000000070a800000|  0%| F|  |TAMS 0x000000070a600000, 0x000000070a600000| Untracked 
|  65|0x000000070a800000, 0x000000070a800000, 0x000000070aa00000|  0%| F|  |TAMS 0x000000070a800000, 0x000000070a800000| Untracked 
|  66|0x000000070aa00000, 0x000000070aa00000, 0x000000070ac00000|  0%| F|  |TAMS 0x000000070aa00000, 0x000000070aa00000| Untracked 
|  67|0x000000070ac00000, 0x000000070ac00000, 0x000000070ae00000|  0%| F|  |TAMS 0x000000070ac00000, 0x000000070ac00000| Untracked 
|  68|0x000000070ae00000, 0x000000070ae00000, 0x000000070b000000|  0%| F|  |TAMS 0x000000070ae00000, 0x000000070ae00000| Untracked 
|  69|0x000000070b000000, 0x000000070b000000, 0x000000070b200000|  0%| F|  |TAMS 0x000000070b000000, 0x000000070b000000| Untracked 
|  70|0x000000070b200000, 0x000000070b200000, 0x000000070b400000|  0%| F|  |TAMS 0x000000070b200000, 0x000000070b200000| Untracked 
|  71|0x000000070b400000, 0x000000070b400000, 0x000000070b600000|  0%| F|  |TAMS 0x000000070b400000, 0x000000070b400000| Untracked 
|  72|0x000000070b600000, 0x000000070b600000, 0x000000070b800000|  0%| F|  |TAMS 0x000000070b600000, 0x000000070b600000| Untracked 
|  73|0x000000070b800000, 0x000000070b800000, 0x000000070ba00000|  0%| F|  |TAMS 0x000000070b800000, 0x000000070b800000| Untracked 
|  74|0x000000070ba00000, 0x000000070ba00000, 0x000000070bc00000|  0%| F|  |TAMS 0x000000070ba00000, 0x000000070ba00000| Untracked 
|  75|0x000000070bc00000, 0x000000070bc00000, 0x000000070be00000|  0%| F|  |TAMS 0x000000070bc00000, 0x000000070bc00000| Untracked 
|  76|0x000000070be00000, 0x000000070be00000, 0x000000070c000000|  0%| F|  |TAMS 0x000000070be00000, 0x000000070be00000| Untracked 
|  77|0x000000070c000000, 0x000000070c000000, 0x000000070c200000|  0%| F|  |TAMS 0x000000070c000000, 0x000000070c000000| Untracked 
|  78|0x000000070c200000, 0x000000070c200000, 0x000000070c400000|  0%| F|  |TAMS 0x000000070c200000, 0x000000070c200000| Untracked 
|  79|0x000000070c400000, 0x000000070c400000, 0x000000070c600000|  0%| F|  |TAMS 0x000000070c400000, 0x000000070c400000| Untracked 
|  80|0x000000070c600000, 0x000000070c600000, 0x000000070c800000|  0%| F|  |TAMS 0x000000070c600000, 0x000000070c600000| Untracked 
|  81|0x000000070c800000, 0x000000070c800000, 0x000000070ca00000|  0%| F|  |TAMS 0x000000070c800000, 0x000000070c800000| Untracked 
|  82|0x000000070ca00000, 0x000000070ca00000, 0x000000070cc00000|  0%| F|  |TAMS 0x000000070ca00000, 0x000000070ca00000| Untracked 
|  83|0x000000070cc00000, 0x000000070cc00000, 0x000000070ce00000|  0%| F|  |TAMS 0x000000070cc00000, 0x000000070cc00000| Untracked 
|  84|0x000000070ce00000, 0x000000070ce00000, 0x000000070d000000|  0%| F|  |TAMS 0x000000070ce00000, 0x000000070ce00000| Untracked 
|  85|0x000000070d000000, 0x000000070d000000, 0x000000070d200000|  0%| F|  |TAMS 0x000000070d000000, 0x000000070d000000| Untracked 
|  86|0x000000070d200000, 0x000000070d200000, 0x000000070d400000|  0%| F|  |TAMS 0x000000070d200000, 0x000000070d200000| Untracked 
|  87|0x000000070d400000, 0x000000070d400000, 0x000000070d600000|  0%| F|  |TAMS 0x000000070d400000, 0x000000070d400000| Untracked 
|  88|0x000000070d600000, 0x000000070d600000, 0x000000070d800000|  0%| F|  |TAMS 0x000000070d600000, 0x000000070d600000| Untracked 
|  89|0x000000070d800000, 0x000000070d800000, 0x000000070da00000|  0%| F|  |TAMS 0x000000070d800000, 0x000000070d800000| Untracked 
|  90|0x000000070da00000, 0x000000070da00000, 0x000000070dc00000|  0%| F|  |TAMS 0x000000070da00000, 0x000000070da00000| Untracked 
|  91|0x000000070dc00000, 0x000000070dc00000, 0x000000070de00000|  0%| F|  |TAMS 0x000000070dc00000, 0x000000070dc00000| Untracked 
|  92|0x000000070de00000, 0x000000070de00000, 0x000000070e000000|  0%| F|  |TAMS 0x000000070de00000, 0x000000070de00000| Untracked 
|  93|0x000000070e000000, 0x000000070e000000, 0x000000070e200000|  0%| F|  |TAMS 0x000000070e000000, 0x000000070e000000| Untracked 
|  94|0x000000070e200000, 0x000000070e200000, 0x000000070e400000|  0%| F|  |TAMS 0x000000070e200000, 0x000000070e200000| Untracked 
|  95|0x000000070e400000, 0x000000070e400000, 0x000000070e600000|  0%| F|  |TAMS 0x000000070e400000, 0x000000070e400000| Untracked 
|  96|0x000000070e600000, 0x000000070e600000, 0x000000070e800000|  0%| F|  |TAMS 0x000000070e600000, 0x000000070e600000| Untracked 
|  97|0x000000070e800000, 0x000000070e800000, 0x000000070ea00000|  0%| F|  |TAMS 0x000000070e800000, 0x000000070e800000| Untracked 
|  98|0x000000070ea00000, 0x000000070ea00000, 0x000000070ec00000|  0%| F|  |TAMS 0x000000070ea00000, 0x000000070ea00000| Untracked 
|  99|0x000000070ec00000, 0x000000070ec00000, 0x000000070ee00000|  0%| F|  |TAMS 0x000000070ec00000, 0x000000070ec00000| Untracked 
| 100|0x000000070ee00000, 0x000000070ee00000, 0x000000070f000000|  0%| F|  |TAMS 0x000000070ee00000, 0x000000070ee00000| Untracked 
| 101|0x000000070f000000, 0x000000070f000000, 0x000000070f200000|  0%| F|  |TAMS 0x000000070f000000, 0x000000070f000000| Untracked 
| 102|0x000000070f200000, 0x000000070f200000, 0x000000070f400000|  0%| F|  |TAMS 0x000000070f200000, 0x000000070f200000| Untracked 
| 103|0x000000070f400000, 0x000000070f400000, 0x000000070f600000|  0%| F|  |TAMS 0x000000070f400000, 0x000000070f400000| Untracked 
| 104|0x000000070f600000, 0x000000070f800000, 0x000000070f800000|100%| S|CS|TAMS 0x000000070f600000, 0x000000070f600000| Complete 
| 105|0x000000070f800000, 0x000000070fa00000, 0x000000070fa00000|100%| S|CS|TAMS 0x000000070f800000, 0x000000070f800000| Complete 
| 106|0x000000070fa00000, 0x000000070fc00000, 0x000000070fc00000|100%| S|CS|TAMS 0x000000070fa00000, 0x000000070fa00000| Complete 
| 107|0x000000070fc00000, 0x000000070fc00000, 0x000000070fe00000|  0%| F|  |TAMS 0x000000070fc00000, 0x000000070fc00000| Untracked 
| 108|0x000000070fe00000, 0x000000070fe00000, 0x0000000710000000|  0%| F|  |TAMS 0x000000070fe00000, 0x000000070fe00000| Untracked 
| 109|0x0000000710000000, 0x0000000710000000, 0x0000000710200000|  0%| F|  |TAMS 0x0000000710000000, 0x0000000710000000| Untracked 
| 110|0x0000000710200000, 0x0000000710200000, 0x0000000710400000|  0%| F|  |TAMS 0x0000000710200000, 0x0000000710200000| Untracked 
| 111|0x0000000710400000, 0x0000000710400000, 0x0000000710600000|  0%| F|  |TAMS 0x0000000710400000, 0x0000000710400000| Untracked 
| 112|0x0000000710600000, 0x0000000710600000, 0x0000000710800000|  0%| F|  |TAMS 0x0000000710600000, 0x0000000710600000| Untracked 
| 113|0x0000000710800000, 0x0000000710900800, 0x0000000710a00000| 50%| E|  |TAMS 0x0000000710800000, 0x0000000710800000| Complete 
| 114|0x0000000710a00000, 0x0000000710c00000, 0x0000000710c00000|100%| E|CS|TAMS 0x0000000710a00000, 0x0000000710a00000| Complete 
| 115|0x0000000710c00000, 0x0000000710e00000, 0x0000000710e00000|100%| E|CS|TAMS 0x0000000710c00000, 0x0000000710c00000| Complete 
| 116|0x0000000710e00000, 0x0000000711000000, 0x0000000711000000|100%| E|CS|TAMS 0x0000000710e00000, 0x0000000710e00000| Complete 
| 117|0x0000000711000000, 0x0000000711200000, 0x0000000711200000|100%| E|CS|TAMS 0x0000000711000000, 0x0000000711000000| Complete 
| 118|0x0000000711200000, 0x0000000711400000, 0x0000000711400000|100%| E|CS|TAMS 0x0000000711200000, 0x0000000711200000| Complete 
| 119|0x0000000711400000, 0x0000000711600000, 0x0000000711600000|100%| E|CS|TAMS 0x0000000711400000, 0x0000000711400000| Complete 
| 120|0x0000000711600000, 0x0000000711800000, 0x0000000711800000|100%| E|CS|TAMS 0x0000000711600000, 0x0000000711600000| Complete 
| 121|0x0000000711800000, 0x0000000711a00000, 0x0000000711a00000|100%| E|CS|TAMS 0x0000000711800000, 0x0000000711800000| Complete 
| 122|0x0000000711a00000, 0x0000000711c00000, 0x0000000711c00000|100%| E|CS|TAMS 0x0000000711a00000, 0x0000000711a00000| Complete 
| 123|0x0000000711c00000, 0x0000000711e00000, 0x0000000711e00000|100%| E|CS|TAMS 0x0000000711c00000, 0x0000000711c00000| Complete 
| 124|0x0000000711e00000, 0x0000000712000000, 0x0000000712000000|100%| E|CS|TAMS 0x0000000711e00000, 0x0000000711e00000| Complete 
| 125|0x0000000712000000, 0x0000000712200000, 0x0000000712200000|100%| E|CS|TAMS 0x0000000712000000, 0x0000000712000000| Complete 
| 126|0x0000000712200000, 0x0000000712400000, 0x0000000712400000|100%| E|CS|TAMS 0x0000000712200000, 0x0000000712200000| Complete 

Card table byte_map: [0x000001e071e40000,0x000001e072630000] _byte_map_base: 0x000001e06e62d000

Marking Bits (Prev, Next): (CMBitMap*) 0x000001e0597786d0, (CMBitMap*) 0x000001e059778710
 Prev Bits: [0x000001e072e20000, 0x000001e076d88000)
 Next Bits: [0x000001e076d90000, 0x000001e07acf8000)

Polling page: 0x000001e057720000

Metaspace:

Usage:
  Non-class:     16.50 MB used.
      Class:      2.83 MB used.
       Both:     19.33 MB used.

Virtual space:
  Non-class space:       24.00 MB reserved,      16.69 MB ( 70%) committed,  3 nodes.
      Class space:        1.00 GB reserved,       3.00 MB ( <1%) committed,  1 nodes.
              Both:        1.02 GB reserved,      19.69 MB (  2%) committed. 

Chunk freelists:
   Non-Class:  2.80 MB
       Class:  1.03 MB
        Both:  3.83 MB

MaxMetaspaceSize: 17179869184.00 GB
CompressedClassSpaceSize: 1.00 GB
 - commit_granule_bytes: 65536.
 - commit_granule_words: 8192.
 - virtual_space_node_default_size: 1048576.
 - enlarge_chunks_in_place: 1.
 - new_chunks_are_fully_committed: 0.
 - uncommit_free_chunks: 1.
 - use_allocation_guard: 0.
 - handle_deallocations: 1.


Internal statistics:

num_allocs_failed_limit: 0.
num_arena_births: 286.
num_arena_deaths: 0.
num_vsnodes_births: 4.
num_vsnodes_deaths: 0.
num_space_committed: 315.
num_space_uncommitted: 0.
num_chunks_returned_to_freelist: 0.
num_chunks_taken_from_freelist: 931.
num_chunk_merges: 0.
num_chunk_splits: 639.
num_chunks_enlarged: 473.
num_purges: 0.

CodeHeap 'non-profiled nmethods': size=120000Kb used=1152Kb max_used=1152Kb free=118847Kb
 bounds [0x000001e069bd0000, 0x000001e069e40000, 0x000001e071100000]
CodeHeap 'profiled nmethods': size=120000Kb used=5423Kb max_used=5423Kb free=114576Kb
 bounds [0x000001e0626a0000, 0x000001e062bf0000, 0x000001e069bd0000]
CodeHeap 'non-nmethods': size=5760Kb used=1472Kb max_used=1533Kb free=4288Kb
 bounds [0x000001e062100000, 0x000001e062370000, 0x000001e0626a0000]
 total_blobs=3701 nmethods=2863 adapters=749
 compilation: enabled
              stopped_count=0, restarted_count=0
 full_count=0

Compilation events (20 events):
Event: 4.745 Thread 0x000001e07d99ad60 2849       3       java.util.WeakHashMap::isEmpty (13 bytes)
Event: 4.745 Thread 0x000001e07d99ad60 nmethod 2849 0x000001e062be2590 code [0x000001e062be2740, 0x000001e062be2a08]
Event: 4.747 Thread 0x000001e0009fb760 nmethod 2824 0x000001e069ce3310 code [0x000001e069ce34a0, 0x000001e069ce3648]
Event: 4.747 Thread 0x000001e0009fb760 2839       4       java.util.RegularEnumSet::contains (57 bytes)
Event: 4.748 Thread 0x000001e0009fb760 nmethod 2839 0x000001e069ce3790 code [0x000001e069ce3920, 0x000001e069ce3a38]
Event: 4.748 Thread 0x000001e0009fb760 2786       4       com.sun.javafx.css.PseudoClassState::addAll (6 bytes)
Event: 4.748 Thread 0x000001e0009fb760 nmethod 2786 0x000001e069ce3b10 code [0x000001e069ce3ca0, 0x000001e069ce3d48]
Event: 4.748 Thread 0x000001e0009fb760 2783       4       javafx.scene.CssStyleHelper::resolveRef (134 bytes)
Event: 4.754 Thread 0x000001e07d99ad60 2850       3       com.sun.javafx.scene.input.InputEventUtils::recomputeCoordinates (220 bytes)
Event: 4.756 Thread 0x000001e07d99ad60 nmethod 2850 0x000001e062be2b10 code [0x000001e062be2e40, 0x000001e062be44c8]
Event: 4.763 Thread 0x000001e07d99ad60 2851       1       java.util.EventObject::getSource (5 bytes)
Event: 4.763 Thread 0x000001e07d99ad60 nmethod 2851 0x000001e069ce3e10 code [0x000001e069ce3fa0, 0x000001e069ce4078]
Event: 4.763 Thread 0x000001e07d99ad60 2852       3       com.sun.javafx.event.EventHandlerManager::dispatchCapturingEvent (41 bytes)
Event: 4.763 Thread 0x000001e07d99ad60 nmethod 2852 0x000001e062be4c10 code [0x000001e062be4e20, 0x000001e062be5588]
Event: 4.770 Thread 0x000001e07d99ad60 2853       1       com.sun.glass.ui.Window::getPlatformScaleX (5 bytes)
Event: 4.770 Thread 0x000001e07d99ad60 nmethod 2853 0x000001e069ce4110 code [0x000001e069ce42a0, 0x000001e069ce4378]
Event: 4.770 Thread 0x000001e07d99ad60 2854       1       com.sun.glass.ui.Window::getPlatformScaleY (5 bytes)
Event: 4.770 Thread 0x000001e07d99ad60 nmethod 2854 0x000001e069ce4410 code [0x000001e069ce45a0, 0x000001e069ce4678]
Event: 4.784 Thread 0x000001e07d99ad60 2855       3       javafx.scene.Parent::getOrderedChildren (36 bytes)
Event: 4.784 Thread 0x000001e07d99ad60 nmethod 2855 0x000001e062be5790 code [0x000001e062be5980, 0x000001e062be5da8]

GC Heap History (4 events):
Event: 0.756 GC heap before
{Heap before GC invocations=0 (full 0):
 garbage-first heap   total 260096K, used 20480K [0x0000000702600000, 0x0000000800000000)
  region size 2048K, 11 young (22528K), 0 survivors (0K)
 Metaspace       used 3663K, committed 3904K, reserved 1056768K
  class space    used 373K, committed 512K, reserved 1048576K
}
Event: 0.760 GC heap after
{Heap after GC invocations=1 (full 0):
 garbage-first heap   total 260096K, used 2395K [0x0000000702600000, 0x0000000800000000)
  region size 2048K, 2 young (4096K), 2 survivors (4096K)
 Metaspace       used 3663K, committed 3904K, reserved 1056768K
  class space    used 373K, committed 512K, reserved 1048576K
}
Event: 1.678 GC heap before
{Heap before GC invocations=1 (full 0):
 garbage-first heap   total 260096K, used 37211K [0x0000000702600000, 0x0000000800000000)
  region size 2048K, 20 young (40960K), 2 survivors (4096K)
 Metaspace       used 13625K, committed 13888K, reserved 1064960K
  class space    used 2053K, committed 2176K, reserved 1048576K
}
Event: 1.686 GC heap after
{Heap after GC invocations=2 (full 0):
 garbage-first heap   total 260096K, used 7432K [0x0000000702600000, 0x0000000800000000)
  region size 2048K, 3 young (6144K), 3 survivors (6144K)
 Metaspace       used 13625K, committed 13888K, reserved 1064960K
  class space    used 2053K, committed 2176K, reserved 1048576K
}

Deoptimization events (20 events):
Event: 4.666 Thread 0x000001e07efb8f40 Uncommon trap: trap_request=0xffffffd6 fr.pc=0x000001e069cd6f90 relative=0x0000000000000250
Event: 4.666 Thread 0x000001e07efb8f40 Uncommon trap: reason=array_check action=maybe_recompile pc=0x000001e069cd6f90 method=javafx.css.SimpleSelector.applies(Ljavafx/css/Styleable;[Ljava/util/Set;I)Z @ 37 c2
Event: 4.666 Thread 0x000001e07efb8f40 DEOPT PACKING pc=0x000001e069cd6f90 sp=0x00000044a86fa2f0
Event: 4.666 Thread 0x000001e07efb8f40 DEOPT UNPACKING pc=0x000001e06214d72e sp=0x00000044a86fa298 mode 2
Event: 4.666 Thread 0x000001e07efb8f40 Uncommon trap: trap_request=0xffffffd6 fr.pc=0x000001e069cd6f90 relative=0x0000000000000250
Event: 4.666 Thread 0x000001e07efb8f40 Uncommon trap: reason=array_check action=maybe_recompile pc=0x000001e069cd6f90 method=javafx.css.SimpleSelector.applies(Ljavafx/css/Styleable;[Ljava/util/Set;I)Z @ 37 c2
Event: 4.666 Thread 0x000001e07efb8f40 DEOPT PACKING pc=0x000001e069cd6f90 sp=0x00000044a86fa2f0
Event: 4.666 Thread 0x000001e07efb8f40 DEOPT UNPACKING pc=0x000001e06214d72e sp=0x00000044a86fa298 mode 2
Event: 4.666 Thread 0x000001e07efb8f40 Uncommon trap: trap_request=0xffffffd6 fr.pc=0x000001e069cd6f90 relative=0x0000000000000250
Event: 4.666 Thread 0x000001e07efb8f40 Uncommon trap: reason=array_check action=maybe_recompile pc=0x000001e069cd6f90 method=javafx.css.SimpleSelector.applies(Ljavafx/css/Styleable;[Ljava/util/Set;I)Z @ 37 c2
Event: 4.666 Thread 0x000001e07efb8f40 DEOPT PACKING pc=0x000001e069cd6f90 sp=0x00000044a86fa2a0
Event: 4.666 Thread 0x000001e07efb8f40 DEOPT UNPACKING pc=0x000001e06214d72e sp=0x00000044a86fa248 mode 2
Event: 4.672 Thread 0x000001e07efb8f40 Uncommon trap: trap_request=0xffffff45 fr.pc=0x000001e069c5e0fc relative=0x000000000000005c
Event: 4.672 Thread 0x000001e07efb8f40 Uncommon trap: reason=unstable_if action=reinterpret pc=0x000001e069c5e0fc method=java.util.Objects.equals(Ljava/lang/Object;Ljava/lang/Object;)Z @ 6 c2
Event: 4.672 Thread 0x000001e07efb8f40 DEOPT PACKING pc=0x000001e069c5e0fc sp=0x00000044a86fafb0
Event: 4.672 Thread 0x000001e07efb8f40 DEOPT UNPACKING pc=0x000001e06214d72e sp=0x00000044a86faf50 mode 2
Event: 4.739 Thread 0x000001e07efb8f40 DEOPT PACKING pc=0x000001e062a154e4 sp=0x00000044a86fd2b0
Event: 4.739 Thread 0x000001e07efb8f40 DEOPT UNPACKING pc=0x000001e06214dece sp=0x00000044a86fc790 mode 0
Event: 4.739 Thread 0x000001e07efb8f40 DEOPT PACKING pc=0x000001e062a154e4 sp=0x00000044a86fdb10
Event: 4.739 Thread 0x000001e07efb8f40 DEOPT UNPACKING pc=0x000001e06214dece sp=0x00000044a86fcff0 mode 0

Classes unloaded (0 events):
No events

Classes redefined (0 events):
No events

Internal exceptions (20 events):
Event: 1.606 Thread 0x000001e07efb8f40 Exception <a 'java/lang/NoSuchMethodError'{0x000000070febf0d0}: 'void java.lang.invoke.DirectMethodHandle$Holder.invokeSpecial(java.lang.Object, java.lang.Object, java.lang.Object, java.lang.Object, java.lang.Object, java.lang.Object)'> (0x000000070febf0d0) 
thrown [c:\wsjdk\correttojdksrc\installers\windows\zip\corretto-build\buildroot\src\hotspot\share\interpreter\linkResolver.cpp, line 790]
Event: 1.717 Thread 0x000001e07efb8f40 Exception <a 'java/lang/NoSuchMethodError'{0x00000007122731d8}: 'java.lang.Object java.lang.invoke.DirectMethodHandle$Holder.newInvokeSpecial(java.lang.Object, java.lang.Object, int)'> (0x00000007122731d8) 
thrown [c:\wsjdk\correttojdksrc\installers\windows\zip\corretto-build\buildroot\src\hotspot\share\interpreter\linkResolver.cpp, line 790]
Event: 1.750 Thread 0x000001e07ed36c40 Exception <a 'java/lang/NoSuchMethodError'{0x00000007120222d0}: 'int java.lang.invoke.DirectMethodHandle$Holder.invokeStaticInit(java.lang.Object, java.lang.Object)'> (0x00000007120222d0) 
thrown [c:\wsjdk\correttojdksrc\installers\windows\zip\corretto-build\buildroot\src\hotspot\share\interpreter\linkResolver.cpp, line 790]
Event: 1.759 Thread 0x000001e07efb8f40 Exception <a 'java/lang/NoSuchMethodError'{0x00000007122d70d0}: 'long java.lang.invoke.DirectMethodHandle$Holder.invokeStatic(java.lang.Object, java.lang.Object, java.lang.Object)'> (0x00000007122d70d0) 
thrown [c:\wsjdk\correttojdksrc\installers\windows\zip\corretto-build\buildroot\src\hotspot\share\interpreter\linkResolver.cpp, line 790]
Event: 1.759 Thread 0x000001e07efb8f40 Exception <a 'java/lang/NoSuchMethodError'{0x00000007122daa80}: 'long java.lang.invoke.DirectMethodHandle$Holder.invokeStaticInit(java.lang.Object, java.lang.Object, java.lang.Object)'> (0x00000007122daa80) 
thrown [c:\wsjdk\correttojdksrc\installers\windows\zip\corretto-build\buildroot\src\hotspot\share\interpreter\linkResolver.cpp, line 790]
Event: 1.763 Thread 0x000001e07efb8f40 Exception <a 'java/lang/NoSuchMethodError'{0x00000007122f29a0}: 'java.lang.Object java.lang.invoke.DirectMethodHandle$Holder.newInvokeSpecial(java.lang.Object, java.lang.Object, long)'> (0x00000007122f29a0) 
thrown [c:\wsjdk\correttojdksrc\installers\windows\zip\corretto-build\buildroot\src\hotspot\share\interpreter\linkResolver.cpp, line 790]
Event: 1.764 Thread 0x000001e07efb8f40 Exception <a 'java/lang/NoSuchMethodError'{0x00000007122f6710}: 'java.lang.Object java.lang.invoke.Invokers$Holder.linkToTargetMethod(java.lang.Object, long, java.lang.Object)'> (0x00000007122f6710) 
thrown [c:\wsjdk\correttojdksrc\installers\windows\zip\corretto-build\buildroot\src\hotspot\share\interpreter\linkResolver.cpp, line 790]
Event: 4.289 Thread 0x000001e07efb8f40 Exception <a 'sun/nio/fs/WindowsException'{0x0000000711ac3600}> (0x0000000711ac3600) 
thrown [c:\wsjdk\correttojdksrc\installers\windows\zip\corretto-build\buildroot\src\hotspot\share\prims\jni.cpp, line 579]
Event: 4.294 Thread 0x000001e07efb8f40 Exception <a 'java/lang/NoSuchMethodError'{0x0000000711ad6130}: static Lutility/Command;.<clinit>()V> (0x0000000711ad6130) 
thrown [c:\wsjdk\correttojdksrc\installers\windows\zip\corretto-build\buildroot\src\hotspot\share\prims\jni.cpp, line 1210]
Event: 4.295 Thread 0x000001e07efb8f40 Exception <a 'java/lang/NoSuchMethodError'{0x0000000711ad89f0}: static [Ljava/lang/String;.<clinit>()V> (0x0000000711ad89f0) 
thrown [c:\wsjdk\correttojdksrc\installers\windows\zip\corretto-build\buildroot\src\hotspot\share\prims\jni.cpp, line 1210]
Event: 4.363 Thread 0x000001e07efb8f40 Exception <a 'java/lang/NoSuchMethodError'{0x0000000711b27bc0}: 'java.lang.Object java.lang.invoke.DirectMethodHandle$Holder.invokeStatic(java.lang.Object, java.lang.Object, int)'> (0x0000000711b27bc0) 
thrown [c:\wsjdk\correttojdksrc\installers\windows\zip\corretto-build\buildroot\src\hotspot\share\interpreter\linkResolver.cpp, line 790]
Event: 4.363 Thread 0x000001e07efb8f40 Exception <a 'java/lang/NoSuchMethodError'{0x0000000711b2bfd0}: 'void java.lang.invoke.DirectMethodHandle$Holder.invokeStatic(java.lang.Object, java.lang.Object, int, java.lang.Object)'> (0x0000000711b2bfd0) 
thrown [c:\wsjdk\correttojdksrc\installers\windows\zip\corretto-build\buildroot\src\hotspot\share\interpreter\linkResolver.cpp, line 790]
Event: 4.364 Thread 0x000001e07efb8f40 Exception <a 'java/lang/NoSuchMethodError'{0x0000000711b33530}: 'void java.lang.invoke.DelegatingMethodHandle$Holder.delegate(java.lang.Object, java.lang.Object, int, java.lang.Object)'> (0x0000000711b33530) 
thrown [c:\wsjdk\correttojdksrc\installers\windows\zip\corretto-build\buildroot\src\hotspot\share\interpreter\linkResolver.cpp, line 790]
Event: 4.364 Thread 0x000001e07efb8f40 Exception <a 'java/lang/NoSuchMethodError'{0x0000000711b37980}: 'int java.lang.invoke.DirectMethodHandle$Holder.invokeSpecial(java.lang.Object, java.lang.Object, java.lang.Object)'> (0x0000000711b37980) 
thrown [c:\wsjdk\correttojdksrc\installers\windows\zip\corretto-build\buildroot\src\hotspot\share\interpreter\linkResolver.cpp, line 790]
Event: 4.364 Thread 0x000001e07efb8f40 Exception <a 'java/lang/NoSuchMethodError'{0x0000000711b3bb38}: 'int java.lang.invoke.DirectMethodHandle$Holder.invokeStatic(java.lang.Object, java.lang.Object, int)'> (0x0000000711b3bb38) 
thrown [c:\wsjdk\correttojdksrc\installers\windows\zip\corretto-build\buildroot\src\hotspot\share\interpreter\linkResolver.cpp, line 790]
Event: 4.364 Thread 0x000001e07efb8f40 Exception <a 'java/lang/NoSuchMethodError'{0x0000000711b3fdb8}: 'int java.lang.invoke.DirectMethodHandle$Holder.invokeSpecial(java.lang.Object, java.lang.Object, java.lang.Object, int)'> (0x0000000711b3fdb8) 
thrown [c:\wsjdk\correttojdksrc\installers\windows\zip\corretto-build\buildroot\src\hotspot\share\interpreter\linkResolver.cpp, line 790]
Event: 4.364 Thread 0x000001e07efb8f40 Exception <a 'java/lang/NoSuchMethodError'{0x0000000711b444e0}: 'long java.lang.invoke.DirectMethodHandle$Holder.invokeStatic(java.lang.Object, java.lang.Object, int)'> (0x0000000711b444e0) 
thrown [c:\wsjdk\correttojdksrc\installers\windows\zip\corretto-build\buildroot\src\hotspot\share\interpreter\linkResolver.cpp, line 790]
Event: 4.367 Thread 0x000001e07efb8f40 Exception <a 'java/lang/NoSuchMethodError'{0x0000000711b7a6f8}: 'java.lang.Object java.lang.invoke.DirectMethodHandle$Holder.invokeStatic(java.lang.Object, java.lang.Object, java.lang.Object, java.lang.Object, int)'> (0x0000000711b7a6f8) 
thrown [c:\wsjdk\correttojdksrc\installers\windows\zip\corretto-build\buildroot\src\hotspot\share\interpreter\linkResolver.cpp, line 790]
Event: 4.370 Thread 0x000001e07efb8f40 Exception <a 'java/lang/NoSuchMethodError'{0x0000000711ba8c10}: 'java.lang.Object java.lang.invoke.Invokers$Holder.invokeExact_MT(java.lang.Object, java.lang.Object, java.lang.Object, java.lang.Object)'> (0x0000000711ba8c10) 
thrown [c:\wsjdk\correttojdksrc\installers\windows\zip\corretto-build\buildroot\src\hotspot\share\interpreter\linkResolver.cpp, line 790]
Event: 4.484 Thread 0x000001e07efb8f40 Exception <a 'java/io/FileNotFoundException'{0x0000000711495cd0}> (0x0000000711495cd0) 
thrown [c:\wsjdk\correttojdksrc\installers\windows\zip\corretto-build\buildroot\src\hotspot\share\prims\jni.cpp, line 579]

Events (20 events):
Event: 4.636 loading class java/util/Currency done
Event: 4.640 loading class java/io/InvalidObjectException
Event: 4.640 loading class java/io/InvalidObjectException done
Event: 4.644 loading class java/text/ParsePosition
Event: 4.644 loading class java/text/ParsePosition done
Event: 4.644 loading class java/time/format/DateTimeParseContext
Event: 4.644 loading class java/time/format/DateTimeParseContext done
Event: 4.644 loading class java/time/format/Parsed
Event: 4.645 loading class java/time/format/Parsed done
Event: 4.646 loading class java/time/ZonedDateTime
Event: 4.646 loading class java/time/chrono/ChronoZonedDateTime
Event: 4.646 loading class java/time/chrono/ChronoZonedDateTime done
Event: 4.646 loading class java/time/ZonedDateTime done
Event: 4.646 loading class java/time/OffsetDateTime
Event: 4.646 loading class java/time/OffsetDateTime done
Event: 4.654 Thread 0x000001e0009fb760 Thread added: 0x000001e0009fb760
Event: 4.738 loading class java/lang/Throwable$WrappedPrintStream
Event: 4.738 loading class java/lang/Throwable$PrintStreamOrWriter
Event: 4.738 loading class java/lang/Throwable$PrintStreamOrWriter done
Event: 4.738 loading class java/lang/Throwable$WrappedPrintStream done


Dynamic libraries:
0x00007ff693a30000 - 0x00007ff693a3d000 	C:\JDK16\bin\java.exe
0x00007ffbf87f0000 - 0x00007ffbf89e8000 	C:\Windows\SYSTEM32\ntdll.dll
0x00007ffbf7e00000 - 0x00007ffbf7ebf000 	C:\Windows\System32\KERNEL32.DLL
0x00007ffbf62b0000 - 0x00007ffbf658a000 	C:\Windows\System32\KERNELBASE.dll
0x00007ffbf5f00000 - 0x00007ffbf6000000 	C:\Windows\System32\ucrtbase.dll
0x00007ffbe6410000 - 0x00007ffbe6428000 	C:\JDK16\bin\jli.dll
0x00007ffbe6300000 - 0x00007ffbe6315000 	C:\JDK16\bin\VCRUNTIME140.dll
0x00007ffbf7aa0000 - 0x00007ffbf7c3d000 	C:\Windows\System32\USER32.dll
0x00007ffbd8ea0000 - 0x00007ffbd913a000 	C:\Windows\WinSxS\amd64_microsoft.windows.common-controls_6595b64144ccf1df_6.0.19041.1110_none_60b5254171f9507e\COMCTL32.dll
0x00007ffbf61c0000 - 0x00007ffbf61e2000 	C:\Windows\System32\win32u.dll
0x00007ffbf6f80000 - 0x00007ffbf701e000 	C:\Windows\System32\msvcrt.dll
0x00007ffbf7d70000 - 0x00007ffbf7d9b000 	C:\Windows\System32\GDI32.dll
0x00007ffbf60b0000 - 0x00007ffbf61c0000 	C:\Windows\System32\gdi32full.dll
0x00007ffbf66f0000 - 0x00007ffbf678d000 	C:\Windows\System32\msvcp_win.dll
0x00007ffbf71a0000 - 0x00007ffbf71d0000 	C:\Windows\System32\IMM32.DLL
0x00007ffbdf590000 - 0x00007ffbdf62b000 	C:\JDK16\bin\msvcp140.dll
0x00007ffba1d00000 - 0x00007ffba2909000 	C:\JDK16\bin\server\jvm.dll
0x00007ffbf79d0000 - 0x00007ffbf7a7e000 	C:\Windows\System32\ADVAPI32.dll
0x00007ffbf7030000 - 0x00007ffbf70cc000 	C:\Windows\System32\sechost.dll
0x00007ffbf7c40000 - 0x00007ffbf7d66000 	C:\Windows\System32\RPCRT4.dll
0x00007ffbf7020000 - 0x00007ffbf7028000 	C:\Windows\System32\PSAPI.DLL
0x00007ffbdf130000 - 0x00007ffbdf139000 	C:\Windows\SYSTEM32\WSOCK32.dll
0x00007ffbe3a20000 - 0x00007ffbe3a47000 	C:\Windows\SYSTEM32\WINMM.dll
0x00007ffbefc30000 - 0x00007ffbefc3a000 	C:\Windows\SYSTEM32\VERSION.dll
0x00007ffbf8590000 - 0x00007ffbf85fb000 	C:\Windows\System32\WS2_32.dll
0x00007ffbf3dc0000 - 0x00007ffbf3dd2000 	C:\Windows\SYSTEM32\kernel.appcore.dll
0x00007ffbf2bd0000 - 0x00007ffbf2bda000 	C:\JDK16\bin\jimage.dll
0x00007ffbe3cd0000 - 0x00007ffbe3eb4000 	C:\Windows\SYSTEM32\DBGHELP.DLL
0x00007ffbddba0000 - 0x00007ffbddbd4000 	C:\Windows\SYSTEM32\dbgcore.DLL
0x00007ffbf6790000 - 0x00007ffbf6812000 	C:\Windows\System32\bcryptPrimitives.dll
0x00007ffbf2b50000 - 0x00007ffbf2b5e000 	C:\JDK16\bin\instrument.dll
0x00007ffbe6260000 - 0x00007ffbe6285000 	C:\JDK16\bin\java.dll
0x00007ffbf7280000 - 0x00007ffbf79c4000 	C:\Windows\System32\SHELL32.dll
0x00007ffbf3fc0000 - 0x00007ffbf4753000 	C:\Windows\SYSTEM32\windows.storage.dll
0x00007ffbf8230000 - 0x00007ffbf8584000 	C:\Windows\System32\combase.dll
0x00007ffbf5960000 - 0x00007ffbf598e000 	C:\Windows\SYSTEM32\Wldp.dll
0x00007ffbf7ec0000 - 0x00007ffbf7f6d000 	C:\Windows\System32\SHCORE.dll
0x00007ffbf81d0000 - 0x00007ffbf8225000 	C:\Windows\System32\shlwapi.dll
0x00007ffbf5e40000 - 0x00007ffbf5e5f000 	C:\Windows\SYSTEM32\profapi.dll
0x00007ffbe62c0000 - 0x00007ffbe62d9000 	C:\JDK16\bin\net.dll
0x00007ffbee500000 - 0x00007ffbee60a000 	C:\Windows\SYSTEM32\WINHTTP.dll
0x00007ffbf56c0000 - 0x00007ffbf572a000 	C:\Windows\system32\mswsock.dll
0x00007ffbe61f0000 - 0x00007ffbe6203000 	C:\JDK16\bin\nio.dll
0x00007ffbe4470000 - 0x00007ffbe4488000 	C:\JDK16\bin\zip.dll
0x00007ffbd3640000 - 0x00007ffbd365a000 	E:\IntelliJ IDEA 2022.2.3\bin\breakgen64.dll
0x000001e0596e0000 - 0x000001e0596e3000 	C:\Users\danil\.openjfx\cache\19.0.2.1+1\amd64\api-ms-win-core-console-l1-1-0.dll
0x000001e0596f0000 - 0x000001e0596f3000 	C:\Users\danil\.openjfx\cache\19.0.2.1+1\amd64\api-ms-win-core-console-l1-2-0.dll
0x000001e059700000 - 0x000001e059703000 	C:\Users\danil\.openjfx\cache\19.0.2.1+1\amd64\api-ms-win-core-datetime-l1-1-0.dll
0x000001e07dab0000 - 0x000001e07dab3000 	C:\Users\danil\.openjfx\cache\19.0.2.1+1\amd64\api-ms-win-core-debug-l1-1-0.dll
0x000001e07dac0000 - 0x000001e07dac3000 	C:\Users\danil\.openjfx\cache\19.0.2.1+1\amd64\api-ms-win-core-errorhandling-l1-1-0.dll
0x000001e07dad0000 - 0x000001e07dad4000 	C:\Users\danil\.openjfx\cache\19.0.2.1+1\amd64\api-ms-win-core-file-l1-1-0.dll
0x000001e07dae0000 - 0x000001e07dae3000 	C:\Users\danil\.openjfx\cache\19.0.2.1+1\amd64\api-ms-win-core-file-l1-2-0.dll
0x000001e07daf0000 - 0x000001e07daf3000 	C:\Users\danil\.openjfx\cache\19.0.2.1+1\amd64\api-ms-win-core-file-l2-1-0.dll
0x000001e07db00000 - 0x000001e07db03000 	C:\Users\danil\.openjfx\cache\19.0.2.1+1\amd64\api-ms-win-core-handle-l1-1-0.dll
0x000001e07db10000 - 0x000001e07db13000 	C:\Users\danil\.openjfx\cache\19.0.2.1+1\amd64\api-ms-win-core-heap-l1-1-0.dll
0x000001e07db20000 - 0x000001e07db23000 	C:\Users\danil\.openjfx\cache\19.0.2.1+1\amd64\api-ms-win-core-interlocked-l1-1-0.dll
0x000001e07db30000 - 0x000001e07db33000 	C:\Users\danil\.openjfx\cache\19.0.2.1+1\amd64\api-ms-win-core-libraryloader-l1-1-0.dll
0x000001e07db40000 - 0x000001e07db43000 	C:\Users\danil\.openjfx\cache\19.0.2.1+1\amd64\api-ms-win-core-localization-l1-2-0.dll
0x000001e07db50000 - 0x000001e07db53000 	C:\Users\danil\.openjfx\cache\19.0.2.1+1\amd64\api-ms-win-core-memory-l1-1-0.dll
0x000001e07db60000 - 0x000001e07db63000 	C:\Users\danil\.openjfx\cache\19.0.2.1+1\amd64\api-ms-win-core-namedpipe-l1-1-0.dll
0x000001e07db70000 - 0x000001e07db73000 	C:\Users\danil\.openjfx\cache\19.0.2.1+1\amd64\api-ms-win-core-processenvironment-l1-1-0.dll
0x000001e07db80000 - 0x000001e07db83000 	C:\Users\danil\.openjfx\cache\19.0.2.1+1\amd64\api-ms-win-core-processthreads-l1-1-0.dll
0x000001e07db90000 - 0x000001e07db93000 	C:\Users\danil\.openjfx\cache\19.0.2.1+1\amd64\api-ms-win-core-processthreads-l1-1-1.dll
0x000001e07dba0000 - 0x000001e07dba3000 	C:\Users\danil\.openjfx\cache\19.0.2.1+1\amd64\api-ms-win-core-profile-l1-1-0.dll
0x000001e07dbb0000 - 0x000001e07dbb3000 	C:\Users\danil\.openjfx\cache\19.0.2.1+1\amd64\api-ms-win-core-rtlsupport-l1-1-0.dll
0x000001e07dbc0000 - 0x000001e07dbc3000 	C:\Users\danil\.openjfx\cache\19.0.2.1+1\amd64\api-ms-win-core-string-l1-1-0.dll
0x000001e07dbd0000 - 0x000001e07dbd3000 	C:\Users\danil\.openjfx\cache\19.0.2.1+1\amd64\api-ms-win-core-synch-l1-1-0.dll
0x000001e07dbe0000 - 0x000001e07dbe3000 	C:\Users\danil\.openjfx\cache\19.0.2.1+1\amd64\api-ms-win-core-synch-l1-2-0.dll
0x000001e07dbf0000 - 0x000001e07dbf3000 	C:\Users\danil\.openjfx\cache\19.0.2.1+1\amd64\api-ms-win-core-sysinfo-l1-1-0.dll
0x000001e07f000000 - 0x000001e07f003000 	C:\Users\danil\.openjfx\cache\19.0.2.1+1\amd64\api-ms-win-core-timezone-l1-1-0.dll
0x000001e07f010000 - 0x000001e07f013000 	C:\Users\danil\.openjfx\cache\19.0.2.1+1\amd64\api-ms-win-core-util-l1-1-0.dll
0x000001e07f020000 - 0x000001e07f023000 	C:\Users\danil\.openjfx\cache\19.0.2.1+1\amd64\api-ms-win-crt-conio-l1-1-0.dll
0x000001e07f030000 - 0x000001e07f034000 	C:\Users\danil\.openjfx\cache\19.0.2.1+1\amd64\api-ms-win-crt-convert-l1-1-0.dll
0x000001e07f040000 - 0x000001e07f043000 	C:\Users\danil\.openjfx\cache\19.0.2.1+1\amd64\api-ms-win-crt-environment-l1-1-0.dll
0x000001e07f050000 - 0x000001e07f053000 	C:\Users\danil\.openjfx\cache\19.0.2.1+1\amd64\api-ms-win-crt-filesystem-l1-1-0.dll
0x000001e07f060000 - 0x000001e07f063000 	C:\Users\danil\.openjfx\cache\19.0.2.1+1\amd64\api-ms-win-crt-heap-l1-1-0.dll
0x000001e07f070000 - 0x000001e07f073000 	C:\Users\danil\.openjfx\cache\19.0.2.1+1\amd64\api-ms-win-crt-locale-l1-1-0.dll
0x000001e07f080000 - 0x000001e07f085000 	C:\Users\danil\.openjfx\cache\19.0.2.1+1\amd64\api-ms-win-crt-math-l1-1-0.dll
0x000001e07f090000 - 0x000001e07f095000 	C:\Users\danil\.openjfx\cache\19.0.2.1+1\amd64\api-ms-win-crt-multibyte-l1-1-0.dll
0x000001e07f0a0000 - 0x000001e07f0b0000 	C:\Users\danil\.openjfx\cache\19.0.2.1+1\amd64\api-ms-win-crt-private-l1-1-0.dll
0x000001e07f0b0000 - 0x000001e07f0b3000 	C:\Users\danil\.openjfx\cache\19.0.2.1+1\amd64\api-ms-win-crt-process-l1-1-0.dll
0x000001e07f0c0000 - 0x000001e07f0c4000 	C:\Users\danil\.openjfx\cache\19.0.2.1+1\amd64\api-ms-win-crt-runtime-l1-1-0.dll
0x000001e07f0d0000 - 0x000001e07f0d4000 	C:\Users\danil\.openjfx\cache\19.0.2.1+1\amd64\api-ms-win-crt-stdio-l1-1-0.dll
0x000001e07f0e0000 - 0x000001e07f0e4000 	C:\Users\danil\.openjfx\cache\19.0.2.1+1\amd64\api-ms-win-crt-string-l1-1-0.dll
0x000001e07f0f0000 - 0x000001e07f0f3000 	C:\Users\danil\.openjfx\cache\19.0.2.1+1\amd64\api-ms-win-crt-time-l1-1-0.dll
0x000001e07f100000 - 0x000001e07f103000 	C:\Users\danil\.openjfx\cache\19.0.2.1+1\amd64\api-ms-win-crt-utility-l1-1-0.dll
0x00007ffbc3270000 - 0x00007ffbc336c000 	C:\Users\danil\.openjfx\cache\19.0.2.1+1\amd64\ucrtbase.dll
0x00007ffbd3300000 - 0x00007ffbd331b000 	C:\Users\danil\.openjfx\cache\19.0.2.1+1\amd64\vcruntime140.dll
0x00007ffbe6330000 - 0x00007ffbe633c000 	C:\Users\danil\.openjfx\cache\19.0.2.1+1\amd64\vcruntime140_1.dll
0x00007ffbc31e0000 - 0x00007ffbc326e000 	C:\Users\danil\.openjfx\cache\19.0.2.1+1\amd64\msvcp140.dll
0x00007ffbe6250000 - 0x00007ffbe6259000 	C:\Users\danil\.openjfx\cache\19.0.2.1+1\amd64\msvcp140_1.dll
0x00007ffbd3230000 - 0x00007ffbd3260000 	C:\Users\danil\.openjfx\cache\19.0.2.1+1\amd64\msvcp140_2.dll
0x00007ffbc84c0000 - 0x00007ffbc84ec000 	C:\Users\danil\.openjfx\cache\19.0.2.1+1\amd64\prism_d3d.dll
0x00007ffbe65d0000 - 0x00007ffbe679d000 	C:\Windows\system32\d3d9.dll
0x00007ffbf3be0000 - 0x00007ffbf3c0f000 	C:\Windows\SYSTEM32\dwmapi.dll
0x00007ffbf3850000 - 0x00007ffbf38ee000 	C:\Windows\system32\uxtheme.dll
0x00007ffbdf630000 - 0x00007ffbdf7dd000 	C:\Windows\System32\DriverStore\FileRepository\iigd_dch.inf_amd64_b53c057d22ce6f37\igdumdim64.dll
0x00007ffbf6da0000 - 0x00007ffbf6eca000 	C:\Windows\System32\ole32.dll
0x00007ffb6a160000 - 0x00007ffb6d203000 	C:\Windows\System32\DriverStore\FileRepository\iigd_dch.inf_amd64_b53c057d22ce6f37\igd9dxva64.dll
0x00007ffbf70d0000 - 0x00007ffbf719d000 	C:\Windows\System32\OLEAUT32.dll
0x00007ffbf6850000 - 0x00007ffbf6cb8000 	C:\Windows\System32\SETUPAPI.dll
0x00007ffbf6260000 - 0x00007ffbf62ae000 	C:\Windows\System32\cfgmgr32.dll
0x00007ffbf6820000 - 0x00007ffbf6847000 	C:\Windows\System32\bcrypt.dll
0x00007ffbec380000 - 0x00007ffbec789000 	C:\Windows\System32\DriverStore\FileRepository\iigd_dch.inf_amd64_b53c057d22ce6f37\igdgmm64.dll
0x00007ffbc15b0000 - 0x00007ffbc15f2000 	C:\Users\danil\.openjfx\cache\19.0.2.1+1\amd64\glass.dll
0x00007ffbf7f70000 - 0x00007ffbf804a000 	C:\Windows\System32\COMDLG32.dll
0x00007ffbf80b0000 - 0x00007ffbf81c4000 	C:\Windows\System32\MSCTF.dll
0x00007ffbb5d10000 - 0x00007ffbb5d37000 	C:\Windows\System32\DriverStore\FileRepository\iigd_dch.inf_amd64_b53c057d22ce6f37\igdinfo64.dll
0x00007ffbe8b90000 - 0x00007ffbec324000 	C:\Windows\System32\DriverStore\FileRepository\iigd_dch.inf_amd64_b53c057d22ce6f37\igc64.dll
0x00007ffbedb90000 - 0x00007ffbedbcb000 	C:\Windows\SYSTEM32\dxcore.dll
0x00007ffbd3210000 - 0x00007ffbd3224000 	C:\Users\danil\.openjfx\cache\19.0.2.1+1\amd64\javafx_font.dll
0x00007ffbca8f0000 - 0x00007ffbcab6f000 	C:\Windows\SYSTEM32\dwrite.dll
0x00007ffbf6ed0000 - 0x00007ffbf6f79000 	C:\Windows\System32\clbcatq.dll
0x00007ffbeef00000 - 0x00007ffbef0b4000 	C:\Windows\SYSTEM32\WindowsCodecs.dll
0x00007ffbc8170000 - 0x00007ffbc81ae000 	C:\Windows\system32\dataexchange.dll
0x00007ffbf2c10000 - 0x00007ffbf2df3000 	C:\Windows\system32\dcomp.dll
0x00007ffbf1cb0000 - 0x00007ffbf1f13000 	C:\Windows\system32\d3d11.dll
0x00007ffbf47c0000 - 0x00007ffbf48b3000 	C:\Windows\system32\dxgi.dll
0x00007ffbef1a0000 - 0x00007ffbef3a0000 	C:\Windows\system32\twinapi.appcore.dll
0x00007ffbf2ae0000 - 0x00007ffbf2b14000 	C:\Program Files\Common Files\Microsoft Shared\Ink\rtscom.dll
0x00007ffbd8bf0000 - 0x00007ffbd8ce9000 	C:\Windows\SYSTEM32\textinputframework.dll
0x00007ffbf34e0000 - 0x00007ffbf35d2000 	C:\Windows\System32\CoreMessaging.dll
0x00007ffbf3180000 - 0x00007ffbf34de000 	C:\Windows\System32\CoreUIComponents.dll
0x00007ffbf5090000 - 0x00007ffbf50c3000 	C:\Windows\SYSTEM32\ntmarta.dll
0x00007ffbf2960000 - 0x00007ffbf2ab4000 	C:\Windows\SYSTEM32\wintypes.dll
0x00007ffbf53a0000 - 0x00007ffbf546b000 	C:\Windows\SYSTEM32\DNSAPI.dll
0x00007ffbf5360000 - 0x00007ffbf539c000 	C:\Windows\SYSTEM32\IPHLPAPI.DLL
0x00007ffbf7a90000 - 0x00007ffbf7a98000 	C:\Windows\System32\NSI.dll

dbghelp: loaded successfully - version: 4.0.5 - missing functions: none
symbol engine: initialized successfully - sym options: 0x614 - pdb path: .;C:\JDK16\bin;C:\Windows\SYSTEM32;C:\Windows\WinSxS\amd64_microsoft.windows.common-controls_6595b64144ccf1df_6.0.19041.1110_none_60b5254171f9507e;C:\JDK16\bin\server;E:\IntelliJ IDEA 2022.2.3\bin;C:\Users\danil\.openjfx\cache\19.0.2.1+1\amd64;C:\Windows\System32\DriverStore\FileRepository\iigd_dch.inf_amd64_b53c057d22ce6f37;C:\Program Files\Common Files\Microsoft Shared\Ink;C:\Program Files\Bonjour

VM Arguments:
jvm_args: -javaagent:E:\IntelliJ IDEA 2022.2.3\lib\idea_rt.jar=60445:E:\IntelliJ IDEA 2022.2.3\bin -Dfile.encoding=UTF-8 --module-path=C:\Users\danil\.m2\repository\org\controlsfx\controlsfx\11.1.2\controlsfx-11.1.2.jar;E:\IdeaProjects\ticketLib\out\artifacts\ticketLib_jar\ticketLib.jar;C:\Users\danil\.m2\repository\com\gluonhq\attach\audio\4.0.9\audio-4.0.9.jar;C:\Users\danil\.m2\repository\com\fasterxml\jackson\core\jackson-annotations\2.12.1\jackson-annotations-2.12.1.jar;C:\Users\danil\.m2\repository\com\github\almasb\fxgl\11.17\fxgl-11.17.jar;C:\Users\danil\.m2\repository\org\openjfx\javafx-graphics\19.0.2.1\javafx-graphics-19.0.2.1-win.jar;E:\IdeaProjects\labafx\target\classes;C:\Users\danil\.m2\repository\org\openjfx\javafx-media\19.0.2.1\javafx-media-19.0.2.1-win.jar;C:\Users\danil\.m2\repository\com\fasterxml\jackson\core\jackson-core\2.12.1\jackson-core-2.12.1.jar;C:\Users\danil\.m2\repository\org\openjfx\javafx-fxml\19.0.2.1\javafx-fxml-19.0.2.1-win.jar;C:\Users\danil\.m2\repository\com\dlsc\formsfx\formsfx-core\11.6.0\formsfx-core-11.6.0.jar;C:\Users\danil\.m2\repository\com\github\almasb\fxgl-scene\11.17\fxgl-scene-11.17.jar;C:\Users\danil\.m2\repository\com\github\almasb\fxgl-io\11.17\fxgl-io-11.17.jar;C:\Users\danil\.m2\repository\org\kordamp\bootstrapfx\bootstrapfx-core\0.4.0\bootstrapfx-core-0.4.0.jar;C:\Users\danil\.m2\repository\com\gluonhq\attach\lifecycle\4.0.9\lifecycle-4.0.9.jar;C:\Users\danil\.m2\repository\org\openjfx\javafx-base\19.0.2.1\javafx-base-19.0.2.1-win.jar;C:\Users\danil\.m2\repository\com\gluonhq\attach\storage\4.0.9\storage-4.0.9.jar;C:\Users\danil\.m2\repository\org\jetbrains\kotlin\kotlin-stdlib\1.5.10\kotlin-stdlib-1.5.10-modular.jar;C:\Users\danil\.m2\repository\com\github\almasb\fxgl-gameplay\11.17\fxgl-gameplay-11.17.jar;C:\Users\danil\.m2\repository\com\fasterxml\jackson\core\jackson-databind\2.12.1\jackson-databind-2.12.1.jar;C:\Users\danil\.m2\repository\com\google\code\gson\gson\2.10.1\gson-2.10.1.jar;C:\Users\danil\.m2\repository\com\github\almasb\fxgl-core\11.17\fxgl-core-11.17.jar;C:\Users\danil\.m2\repository\org\openjfx\javafx-cont-Djdk.module.main=client.labafx 
java_command: client.labafx/client.labafx.Client
java_class_path (initial): C:\Users\danil\.m2\repository\org\openjfx\javafx-controls\19.0.2.1\javafx-controls-19.0.2.1.jar;C:\Users\danil\.m2\repository\org\openjfx\javafx-graphics\19.0.2.1\javafx-graphics-19.0.2.1.jar;C:\Users\danil\.m2\repository\org\openjfx\javafx-base\19.0.2.1\javafx-base-19.0.2.1.jar;C:\Users\danil\.m2\repository\org\openjfx\javafx-fxml\19.0.2.1\javafx-fxml-19.0.2.1.jar;C:\Users\danil\.m2\repository\org\openjfx\javafx-media\19.0.2.1\javafx-media-19.0.2.1.jar;C:\Users\danil\.m2\repository\org\jetbrains\annotations\13.0\annotations-13.0.jar;C:\Users\danil\.m2\repository\org\jetbrains\kotlin\kotlin-stdlib-common\1.5.10\kotlin-stdlib-common-1.5.10.jar;C:\Users\danil\.m2\repository\org\apache\logging\log4j\log4j-core\2.20.0\log4j-core-2.20.0.jar;C:\Users\danil\.m2\repository\org\apache\logging\log4j\log4j-api\2.20.0\log4j-api-2.20.0.jar;C:\Users\danil\.m2\repository\org\postgresql\postgresql\42.6.0\postgresql-42.6.0.jar;C:\Users\danil\.m2\repository\org\checkerframework\checker-qual\3.31.0\checker-qual-3.31.0.jar
Launcher Type: SUN_STANDARD

[Global flags]
     intx CICompilerCount                          = 4                                         {product} {ergonomic}
     uint ConcGCThreads                            = 3                                         {product} {ergonomic}
     uint G1ConcRefinementThreads                  = 10                                        {product} {ergonomic}
   size_t G1HeapRegionSize                         = 2097152                                   {product} {ergonomic}
    uintx GCDrainStackTargetSize                   = 64                                        {product} {ergonomic}
   size_t InitialHeapSize                          = 266338304                                 {product} {ergonomic}
   size_t MarkStackSize                            = 4194304                                   {product} {ergonomic}
   size_t MaxHeapSize                              = 4255121408                                {product} {ergonomic}
   size_t MaxNewSize                               = 2552233984                                {product} {ergonomic}
   size_t MinHeapDeltaBytes                        = 2097152                                   {product} {ergonomic}
   size_t MinHeapSize                              = 8388608                                   {product} {ergonomic}
    uintx NonNMethodCodeHeapSize                   = 5839372                                {pd product} {ergonomic}
    uintx NonProfiledCodeHeapSize                  = 122909434                              {pd product} {ergonomic}
    uintx ProfiledCodeHeapSize                     = 122909434                              {pd product} {ergonomic}
    uintx ReservedCodeCacheSize                    = 251658240                              {pd product} {ergonomic}
     bool SegmentedCodeCache                       = true                                      {product} {ergonomic}
   size_t SoftMaxHeapSize                          = 4255121408                             {manageable} {ergonomic}
     bool UseCompressedClassPointers               = true                           {product lp64_product} {ergonomic}
     bool UseCompressedOops                        = true                           {product lp64_product} {ergonomic}
     bool UseG1GC                                  = true                                      {product} {ergonomic}
     bool UseLargePagesIndividualAllocation        = false                                  {pd product} {ergonomic}

Logging:
Log output configuration:
 #0: stdout all=warning uptime,level,tags
 #1: stderr all=off uptime,level,tags

Environment Variables:
PATH=C:\ProgramData\Oracle\Java\javapath;C:\Windows\system32;C:\Windows;C:\Windows\System32\Wbem;C:\Windows\System32\WindowsPowerShell\v1.0\;C:\Windows\System32\OpenSSH\;C:\Program Files\NVIDIA Corporation\NVIDIA NvDLISR;C:\Program Files\dotnet\;C:\Program Files (x86)\NVIDIA Corporation\PhysX\Common;C:\Program Files\Git\cmd;C:\Program Files\WorldPainter;C:\Python310\Scripts\;C:\Python310\;C:\Python311\Scripts\;C:\Python311\;C:\Python36\Scripts\;C:\Python36\;C:\Users\danil\AppData\Local\Microsoft\WindowsApps;;E:\IntelliJ IDEA 2022.2.3\bin;;E:\CLion 2022.2.3\bin;;E:\PyCharm 2022.2.2\bin;
USERNAME=danil
OS=Windows_NT
PROCESSOR_IDENTIFIER=Intel64 Family 6 Model 158 Stepping 10, GenuineIntel



---------------  S Y S T E M  ---------------

OS:
 Windows 10 , 64 bit Build 19041 (10.0.19041.2788)
OS uptime: 1 days 2:21 hours

CPU: total 12 (initial active 12) (6 cores per cpu, 2 threads per core) family 6 model 158 stepping 10 microcode 0xb4, cx8, cmov, fxsr, ht, mmx, 3dnowpref, sse, sse2, sse3, ssse3, sse4.1, sse4.2, popcnt, lzcnt, tsc, tscinvbit, avx, avx2, aes, erms, clmul, bmi1, bmi2, adx, fma, vzeroupper, clflush, clflushopt

Memory: 4k page, system-wide physical 16227M (3093M free)
TotalPageFile size 34896M (AvailPageFile size 11M)
current process WorkingSet (physical memory assigned to process): 192M, peak: 198M
current process commit charge ("private bytes"): 444M, peak: 454M

vm_info: OpenJDK 64-Bit Server VM (16.0.2+7) for windows-amd64 JRE (16.0.2+7), built on Jul 22 2021 01:11:46 by "Administrator" with MS VC++ 15.9 (VS2017)

END.
