#
# There is insufficient memory for the Java Runtime Environment to continue.
# Native memory allocation (malloc) failed to allocate 2203184 bytes for Chunk::new
# Possible reasons:
#   The system is out of physical RAM or swap space
#   The process is running with CompressedOops enabled, and the Java Heap may be blocking the growth of the native heap
# Possible solutions:
#   Reduce memory load on the system
#   Increase physical memory or swap space
#   Check if swap backing store is full
#   Decrease Java heap size (-Xmx/-Xms)
#   Decrease number of Java threads
#   Decrease Java thread stack sizes (-Xss)
#   Set larger code cache with -XX:ReservedCodeCacheSize=
#   JVM is running with Zero Based Compressed Oops mode in which the Java heap is
#     placed in the first 32GB address space. The Java Heap base address is the
#     maximum limit for the native heap growth. Please use -XX:HeapBaseMinAddress
#     to set the Java Heap base and to place the Java Heap above 32GB virtual address.
# This output file may be truncated or incomplete.
#
#  Out of Memory Error (arena.cpp:195), pid=17980, tid=5900
#
# JRE version: OpenJDK Runtime Environment Corretto-16.0.2.7.1 (16.0.2+7) (build 16.0.2+7)
# Java VM: OpenJDK 64-Bit Server VM Corretto-16.0.2.7.1 (16.0.2+7, mixed mode, sharing, tiered, compressed oops, compressed class ptrs, g1 gc, windows-amd64)
# No core dump will be written. Minidumps are not enabled by default on client versions of Windows
#

---------------  S U M M A R Y ------------

Command Line: -javaagent:E:\IntelliJ IDEA 2022.2.3\lib\idea_rt.jar=58323:E:\IntelliJ IDEA 2022.2.3\bin -Dfile.encoding=UTF-8 --module-path=C:\Users\danil\.m2\repository\com\github\almasb\fxgl-entity\11.17\fxgl-entity-11.17.jar;C:\Users\danil\.m2\repository\com\github\almasb\fxgl\11.17\fxgl-11.17.jar;C:\Users\danil\.m2\repository\com\fasterxml\jackson\core\jackson-databind\2.12.1\jackson-databind-2.12.1.jar;C:\Users\danil\.m2\repository\org\openjfx\javafx-media\19.0.2.1\javafx-media-19.0.2.1-win.jar;C:\Users\danil\.m2\repository\org\controlsfx\controlsfx\11.1.2\controlsfx-11.1.2.jar;C:\Users\danil\.m2\repository\org\jetbrains\kotlin\kotlin-stdlib\1.5.10\kotlin-stdlib-1.5.10-modular.jar;E:\IdeaProjects\labafx\target\classes;C:\Users\danil\.m2\repository\com\github\almasb\fxgl-core\11.17\fxgl-core-11.17.jar;C:\Users\danil\.m2\repository\com\github\almasb\fxgl-gameplay\11.17\fxgl-gameplay-11.17.jar;C:\Users\danil\.m2\repository\com\gluonhq\attach\storage\4.0.9\storage-4.0.9.jar;C:\Users\danil\.m2\repository\com\gluonhq\attach\lifecycle\4.0.9\lifecycle-4.0.9.jar;C:\Users\danil\.m2\repository\org\openjfx\javafx-fxml\19.0.2.1\javafx-fxml-19.0.2.1-win.jar;C:\Users\danil\.m2\repository\org\kordamp\bootstrapfx\bootstrapfx-core\0.4.0\bootstrapfx-core-0.4.0.jar;C:\Users\danil\.m2\repository\com\gluonhq\attach\audio\4.0.9\audio-4.0.9.jar;C:\Users\danil\.m2\repository\org\openjfx\javafx-base\19.0.2.1\javafx-base-19.0.2.1-win.jar;C:\Users\danil\.m2\repository\com\github\almasb\fxgl-scene\11.17\fxgl-scene-11.17.jar;C:\Users\danil\.m2\repository\com\github\almasb\fxgl-io\11.17\fxgl-io-11.17.jar;E:\IdeaProjects\ticketLib\out\artifacts\ticketLib_jar\ticketLib.jar;C:\Users\danil\.m2\repository\org\openjfx\javafx-graphics\19.0.2.1\javafx-graphics-19.0.2.1-win.jar;C:\Users\danil\.m2\repository\com\fasterxml\jackson\core\jackson-core\2.12.1\jackson-core-2.12.1.jar;C:\Users\danil\.m2\repository\com\gluonhq\attach\util\4.0.9\util-4.0.9.jar;C:\Users\danil\.m2\repository\com\fasterxml\jackson\core\jackson-annotations\2.12.1\jackson-annotations-2.12.1.jar;C:\Users\danil\.m2\repository\com\dlsc\formsfx\formsfx-core\-Djdk.module.main=client.labafx client.labafx/client.labafx.Client

Host: Intel(R) Core(TM) i7-9750H CPU @ 2.60GHz, 12 cores, 15G,  Windows 10 , 64 bit Build 19041 (10.0.19041.2788)
Time: Sat May  6 18:55:10 2023 RTZ 2 (s 10 , 64 bit Build 19041 (10.0.19041.2788) elapsed time: 4.646488 seconds (0d 0h 0m 4s)

---------------  T H R E A D  ---------------

Current thread (0x000001bb32511e80):  JavaThread "C2 CompilerThread1" daemon [_thread_in_native, id=5900, stack(0x0000004b11700000,0x0000004b11800000)]


Current CompileTask:
C2:   4646 2765       4       javafx.css.CompoundSelector::applies (144 bytes)

Stack: [0x0000004b11700000,0x0000004b11800000]
Native frames: (J=compiled Java code, j=interpreted, Vv=VM code, C=native code)
V  [jvm.dll+0x647e0a]
V  [jvm.dll+0x7f0549]
V  [jvm.dll+0x7f1cfe]
V  [jvm.dll+0x7f2343]
V  [jvm.dll+0x23dd88]
V  [jvm.dll+0xc879a]
V  [jvm.dll+0xc8d4c]
V  [jvm.dll+0x351627]
V  [jvm.dll+0x1b750c]
V  [jvm.dll+0x210a7f]
V  [jvm.dll+0x20ff17]
V  [jvm.dll+0x1a0d9b]
V  [jvm.dll+0x21f909]
V  [jvm.dll+0x21da9b]
V  [jvm.dll+0x7a8662]
V  [jvm.dll+0x7a223a]
V  [jvm.dll+0x646c46]
C  [ucrtbase.dll+0x21bb2]
C  [KERNEL32.DLL+0x17604]
C  [ntdll.dll+0x526a1]


---------------  P R O C E S S  ---------------

Threads class SMR info:
_java_thread_list=0x000001bb3041e1f0, length=25, elements={
0x000001bb03ee70a0, 0x000001bb2a0c3b30, 0x000001bb2a0c4900, 0x000001bb2a0dbe20,
0x000001bb2a0de840, 0x000001bb2a0e1560, 0x000001bb2a0e1e70, 0x000001bb2a0e2ab0,
0x000001bb2a0e69b0, 0x000001bb2a0f4350, 0x000001bb2a0a8a20, 0x000001bb2b2e91f0,
0x000001bb2b14cfe0, 0x000001bb2b2b70a0, 0x000001bb2b5ed3b0, 0x000001bb2b5b97d0,
0x000001bb2b7838a0, 0x000001bb2b78bfc0, 0x000001bb2ae71c70, 0x000001bb2ae74c40,
0x000001bb2ae73c50, 0x000001bb32511e80, 0x000001bb3040dcd0, 0x000001bb30fa2ae0,
0x000001bb30fa15a0
}

Java Threads: ( => current thread )
  0x000001bb03ee70a0 JavaThread "main" [_thread_blocked, id=23660, stack(0x0000004b0f500000,0x0000004b0f600000)]
  0x000001bb2a0c3b30 JavaThread "Reference Handler" daemon [_thread_blocked, id=13916, stack(0x0000004b0fc00000,0x0000004b0fd00000)]
  0x000001bb2a0c4900 JavaThread "Finalizer" daemon [_thread_blocked, id=15272, stack(0x0000004b0fd00000,0x0000004b0fe00000)]
  0x000001bb2a0dbe20 JavaThread "Signal Dispatcher" daemon [_thread_blocked, id=14252, stack(0x0000004b0fe00000,0x0000004b0ff00000)]
  0x000001bb2a0de840 JavaThread "Attach Listener" daemon [_thread_blocked, id=6108, stack(0x0000004b0ff00000,0x0000004b10000000)]
  0x000001bb2a0e1560 JavaThread "Service Thread" daemon [_thread_blocked, id=4304, stack(0x0000004b10000000,0x0000004b10100000)]
  0x000001bb2a0e1e70 JavaThread "Monitor Deflation Thread" daemon [_thread_blocked, id=14152, stack(0x0000004b10100000,0x0000004b10200000)]
  0x000001bb2a0e2ab0 JavaThread "C2 CompilerThread0" daemon [_thread_in_native, id=10372, stack(0x0000004b10200000,0x0000004b10300000)]
  0x000001bb2a0e69b0 JavaThread "C1 CompilerThread0" daemon [_thread_blocked, id=10312, stack(0x0000004b10300000,0x0000004b10400000)]
  0x000001bb2a0f4350 JavaThread "Sweeper thread" daemon [_thread_blocked, id=22296, stack(0x0000004b10400000,0x0000004b10500000)]
  0x000001bb2a0a8a20 JavaThread "Common-Cleaner" daemon [_thread_blocked, id=16644, stack(0x0000004b10500000,0x0000004b10600000)]
  0x000001bb2b2e91f0 JavaThread "Monitor Ctrl-Break" daemon [_thread_in_native, id=17432, stack(0x0000004b10800000,0x0000004b10900000)]
  0x000001bb2b14cfe0 JavaThread "Notification Thread" daemon [_thread_blocked, id=23112, stack(0x0000004b10900000,0x0000004b10a00000)]
  0x000001bb2b2b70a0 JavaThread "QuantumRenderer-0" daemon [_thread_blocked, id=6840, stack(0x0000004b10b00000,0x0000004b10c00000)]
  0x000001bb2b5ed3b0 JavaThread "InvokeLaterDispatcher" daemon [_thread_blocked, id=25508, stack(0x0000004b10c00000,0x0000004b10d00000)]
  0x000001bb2b5b97d0 JavaThread "JavaFX Application Thread" [_thread_in_vm, id=8480, stack(0x0000004b10d00000,0x0000004b10e00000)]
  0x000001bb2b7838a0 JavaThread "JavaFX-Launcher" [_thread_blocked, id=20188, stack(0x0000004b10700000,0x0000004b10800000)]
  0x000001bb2b78bfc0 JavaThread "Thread-2" daemon [_thread_in_native, id=9088, stack(0x0000004b10600000,0x0000004b10700000)]
  0x000001bb2ae71c70 JavaThread "Thread-3" [_thread_blocked, id=19972, stack(0x0000004b11600000,0x0000004b11700000)]
  0x000001bb2ae74c40 JavaThread "Prism Font Disposer" daemon [_thread_blocked, id=15880, stack(0x0000004b11c00000,0x0000004b11d00000)]
  0x000001bb2ae73c50 JavaThread "Cleaner-0" daemon [_thread_blocked, id=24188, stack(0x0000004b12100000,0x0000004b12200000)]
=>0x000001bb32511e80 JavaThread "C2 CompilerThread1" daemon [_thread_in_native, id=5900, stack(0x0000004b11700000,0x0000004b11800000)]
  0x000001bb3040dcd0 JavaThread "C2 CompilerThread2" daemon [_thread_in_native, id=11456, stack(0x0000004b11800000,0x0000004b11900000)]
  0x000001bb30fa2ae0 JavaThread "pool-2-thread-1" [_thread_blocked, id=12160, stack(0x0000004b12200000,0x0000004b12300000)]
  0x000001bb30fa15a0 JavaThread "pool-11-thread-1" [_thread_blocked, id=9256, stack(0x0000004b12300000,0x0000004b12400000)]

Other Threads:
  0x000001bb2a0c0fe0 VMThread "VM Thread" [stack: 0x0000004b0fb00000,0x0000004b0fc00000] [id=24768]
  0x000001bb2b2c8000 WatcherThread [stack: 0x0000004b10a00000,0x0000004b10b00000] [id=9268]
  0x000001bb03f384e0 GCTaskThread "GC Thread#0" [stack: 0x0000004b0f600000,0x0000004b0f700000] [id=16116]
  0x000001bb2b799310 GCTaskThread "GC Thread#1" [stack: 0x0000004b11100000,0x0000004b11200000] [id=18508]
  0x000001bb2b778ba0 GCTaskThread "GC Thread#2" [stack: 0x0000004b11200000,0x0000004b11300000] [id=19052]
  0x000001bb2b79ec60 GCTaskThread "GC Thread#3" [stack: 0x0000004b11300000,0x0000004b11400000] [id=18320]
  0x000001bb2b7a3cd0 GCTaskThread "GC Thread#4" [stack: 0x0000004b11400000,0x0000004b11500000] [id=12620]
  0x000001bb2b79bff0 GCTaskThread "GC Thread#5" [stack: 0x0000004b11500000,0x0000004b11600000] [id=10324]
  0x000001bb2b79c300 GCTaskThread "GC Thread#6" [stack: 0x0000004b11d00000,0x0000004b11e00000] [id=14748]
  0x000001bb2b79b3b0 GCTaskThread "GC Thread#7" [stack: 0x0000004b11e00000,0x0000004b11f00000] [id=9816]
  0x000001bb2b79cc30 GCTaskThread "GC Thread#8" [stack: 0x0000004b11f00000,0x0000004b12000000] [id=13392]
  0x000001bb2b79b0a0 GCTaskThread "GC Thread#9" [stack: 0x0000004b12000000,0x0000004b12100000] [id=11268]
  0x000001bb03f4a2d0 ConcurrentGCThread "G1 Main Marker" [stack: 0x0000004b0f700000,0x0000004b0f800000] [id=20848]
  0x000001bb03f4acd0 ConcurrentGCThread "G1 Conc#0" [stack: 0x0000004b0f800000,0x0000004b0f900000] [id=2308]
  0x000001bb03fcd7e0 ConcurrentGCThread "G1 Refine#0" [stack: 0x0000004b0f900000,0x0000004b0fa00000] [id=17296]
  0x000001bb03fce1f0 ConcurrentGCThread "G1 Service" [stack: 0x0000004b0fa00000,0x0000004b0fb00000] [id=16896]

Threads with active compile tasks:
C2 CompilerThread0     4676 3182       4       javafx.scene.CssStyleHelper::resolveLookups (463 bytes)
C1 CompilerThread0     4676 3452       3       javafx.collections.ListChangeListener$Change::getAddedSubList (31 bytes)
C2 CompilerThread1     4676 2765       4       javafx.css.CompoundSelector::applies (144 bytes)
C2 CompilerThread2     4676 3401       4       javafx.scene.CssStyleHelper::resolveRef (134 bytes)

VM state: not at safepoint (normal execution)

VM Mutex/Monitor currently owned by a thread: None

OutOfMemory and StackOverflow Exception counts:
StackOverflowErrors=3
LinkageErrors=39

Heap address: 0x0000000702600000, size: 4058 MB, Compressed Oops mode: Zero based, Oop shift amount: 3

CDS archive(s) mapped at: [0x0000000800000000-0x0000000800be0000-0x0000000800be0000), size 12451840, SharedBaseAddress: 0x0000000800000000, ArchiveRelocationMode: 0.
Compressed class space mapped at: 0x0000000800c00000-0x0000000840c00000, reserved size: 1073741824
Narrow klass base: 0x0000000800000000, Narrow klass shift: 3, Narrow klass range: 0x100000000

GC Precious Log:
 CPUs: 12 total, 12 available
 Memory: 16227M
 Large Page Support: Disabled
 NUMA Support: Disabled
 Compressed Oops: Enabled (Zero based)
 Heap Region Size: 2M
 Heap Min Capacity: 8M
 Heap Initial Capacity: 254M
 Heap Max Capacity: 4058M
 Pre-touch: Disabled
 Parallel Workers: 10
 Concurrent Workers: 3
 Concurrent Refinement Workers: 10
 Periodic GC: Disabled

Heap:
 garbage-first heap   total 260096K, used 50273K [0x0000000702600000, 0x0000000800000000)
  region size 2048K, 24 young (49152K), 3 survivors (6144K)
 Metaspace       used 20321K, committed 20672K, reserved 1073152K
  class space    used 2889K, committed 3072K, reserved 1048576K

Heap Regions: E=young(eden), S=young(survivor), O=old, HS=humongous(starts), HC=humongous(continues), CS=collection set, F=free, OA=open archive, CA=closed archive, TAMS=top-at-mark-start (previous, next)
|   0|0x0000000702600000, 0x0000000702718400, 0x0000000702800000| 54%| O|  |TAMS 0x0000000702600000, 0x0000000702600000| Untracked 
|   1|0x0000000702800000, 0x0000000702a00000, 0x0000000702a00000|100%|HS|  |TAMS 0x0000000702800000, 0x0000000702800000| Complete 
|   2|0x0000000702a00000, 0x0000000702a00000, 0x0000000702c00000|  0%| F|  |TAMS 0x0000000702a00000, 0x0000000702a00000| Untracked 
|   3|0x0000000702c00000, 0x0000000702c00000, 0x0000000702e00000|  0%| F|  |TAMS 0x0000000702c00000, 0x0000000702c00000| Untracked 
|   4|0x0000000702e00000, 0x0000000702e00000, 0x0000000703000000|  0%| F|  |TAMS 0x0000000702e00000, 0x0000000702e00000| Untracked 
|   5|0x0000000703000000, 0x0000000703000000, 0x0000000703200000|  0%| F|  |TAMS 0x0000000703000000, 0x0000000703000000| Untracked 
|   6|0x0000000703200000, 0x0000000703200000, 0x0000000703400000|  0%| F|  |TAMS 0x0000000703200000, 0x0000000703200000| Untracked 
|   7|0x0000000703400000, 0x0000000703400000, 0x0000000703600000|  0%| F|  |TAMS 0x0000000703400000, 0x0000000703400000| Untracked 
|   8|0x0000000703600000, 0x0000000703600000, 0x0000000703800000|  0%| F|  |TAMS 0x0000000703600000, 0x0000000703600000| Untracked 
|   9|0x0000000703800000, 0x0000000703800000, 0x0000000703a00000|  0%| F|  |TAMS 0x0000000703800000, 0x0000000703800000| Untracked 
|  10|0x0000000703a00000, 0x0000000703a00000, 0x0000000703c00000|  0%| F|  |TAMS 0x0000000703a00000, 0x0000000703a00000| Untracked 
|  11|0x0000000703c00000, 0x0000000703c00000, 0x0000000703e00000|  0%| F|  |TAMS 0x0000000703c00000, 0x0000000703c00000| Untracked 
|  12|0x0000000703e00000, 0x0000000703e00000, 0x0000000704000000|  0%| F|  |TAMS 0x0000000703e00000, 0x0000000703e00000| Untracked 
|  13|0x0000000704000000, 0x0000000704000000, 0x0000000704200000|  0%| F|  |TAMS 0x0000000704000000, 0x0000000704000000| Untracked 
|  14|0x0000000704200000, 0x0000000704200000, 0x0000000704400000|  0%| F|  |TAMS 0x0000000704200000, 0x0000000704200000| Untracked 
|  15|0x0000000704400000, 0x0000000704400000, 0x0000000704600000|  0%| F|  |TAMS 0x0000000704400000, 0x0000000704400000| Untracked 
|  16|0x0000000704600000, 0x0000000704600000, 0x0000000704800000|  0%| F|  |TAMS 0x0000000704600000, 0x0000000704600000| Untracked 
|  17|0x0000000704800000, 0x0000000704800000, 0x0000000704a00000|  0%| F|  |TAMS 0x0000000704800000, 0x0000000704800000| Untracked 
|  18|0x0000000704a00000, 0x0000000704a00000, 0x0000000704c00000|  0%| F|  |TAMS 0x0000000704a00000, 0x0000000704a00000| Untracked 
|  19|0x0000000704c00000, 0x0000000704c00000, 0x0000000704e00000|  0%| F|  |TAMS 0x0000000704c00000, 0x0000000704c00000| Untracked 
|  20|0x0000000704e00000, 0x0000000704e00000, 0x0000000705000000|  0%| F|  |TAMS 0x0000000704e00000, 0x0000000704e00000| Untracked 
|  21|0x0000000705000000, 0x0000000705000000, 0x0000000705200000|  0%| F|  |TAMS 0x0000000705000000, 0x0000000705000000| Untracked 
|  22|0x0000000705200000, 0x0000000705200000, 0x0000000705400000|  0%| F|  |TAMS 0x0000000705200000, 0x0000000705200000| Untracked 
|  23|0x0000000705400000, 0x0000000705400000, 0x0000000705600000|  0%| F|  |TAMS 0x0000000705400000, 0x0000000705400000| Untracked 
|  24|0x0000000705600000, 0x0000000705600000, 0x0000000705800000|  0%| F|  |TAMS 0x0000000705600000, 0x0000000705600000| Untracked 
|  25|0x0000000705800000, 0x0000000705800000, 0x0000000705a00000|  0%| F|  |TAMS 0x0000000705800000, 0x0000000705800000| Untracked 
|  26|0x0000000705a00000, 0x0000000705a00000, 0x0000000705c00000|  0%| F|  |TAMS 0x0000000705a00000, 0x0000000705a00000| Untracked 
|  27|0x0000000705c00000, 0x0000000705c00000, 0x0000000705e00000|  0%| F|  |TAMS 0x0000000705c00000, 0x0000000705c00000| Untracked 
|  28|0x0000000705e00000, 0x0000000705e00000, 0x0000000706000000|  0%| F|  |TAMS 0x0000000705e00000, 0x0000000705e00000| Untracked 
|  29|0x0000000706000000, 0x0000000706000000, 0x0000000706200000|  0%| F|  |TAMS 0x0000000706000000, 0x0000000706000000| Untracked 
|  30|0x0000000706200000, 0x0000000706200000, 0x0000000706400000|  0%| F|  |TAMS 0x0000000706200000, 0x0000000706200000| Untracked 
|  31|0x0000000706400000, 0x0000000706400000, 0x0000000706600000|  0%| F|  |TAMS 0x0000000706400000, 0x0000000706400000| Untracked 
|  32|0x0000000706600000, 0x0000000706600000, 0x0000000706800000|  0%| F|  |TAMS 0x0000000706600000, 0x0000000706600000| Untracked 
|  33|0x0000000706800000, 0x0000000706800000, 0x0000000706a00000|  0%| F|  |TAMS 0x0000000706800000, 0x0000000706800000| Untracked 
|  34|0x0000000706a00000, 0x0000000706a00000, 0x0000000706c00000|  0%| F|  |TAMS 0x0000000706a00000, 0x0000000706a00000| Untracked 
|  35|0x0000000706c00000, 0x0000000706c00000, 0x0000000706e00000|  0%| F|  |TAMS 0x0000000706c00000, 0x0000000706c00000| Untracked 
|  36|0x0000000706e00000, 0x0000000706e00000, 0x0000000707000000|  0%| F|  |TAMS 0x0000000706e00000, 0x0000000706e00000| Untracked 
|  37|0x0000000707000000, 0x0000000707000000, 0x0000000707200000|  0%| F|  |TAMS 0x0000000707000000, 0x0000000707000000| Untracked 
|  38|0x0000000707200000, 0x0000000707200000, 0x0000000707400000|  0%| F|  |TAMS 0x0000000707200000, 0x0000000707200000| Untracked 
|  39|0x0000000707400000, 0x0000000707400000, 0x0000000707600000|  0%| F|  |TAMS 0x0000000707400000, 0x0000000707400000| Untracked 
|  40|0x0000000707600000, 0x0000000707600000, 0x0000000707800000|  0%| F|  |TAMS 0x0000000707600000, 0x0000000707600000| Untracked 
|  41|0x0000000707800000, 0x0000000707800000, 0x0000000707a00000|  0%| F|  |TAMS 0x0000000707800000, 0x0000000707800000| Untracked 
|  42|0x0000000707a00000, 0x0000000707a00000, 0x0000000707c00000|  0%| F|  |TAMS 0x0000000707a00000, 0x0000000707a00000| Untracked 
|  43|0x0000000707c00000, 0x0000000707c00000, 0x0000000707e00000|  0%| F|  |TAMS 0x0000000707c00000, 0x0000000707c00000| Untracked 
|  44|0x0000000707e00000, 0x0000000707e00000, 0x0000000708000000|  0%| F|  |TAMS 0x0000000707e00000, 0x0000000707e00000| Untracked 
|  45|0x0000000708000000, 0x0000000708000000, 0x0000000708200000|  0%| F|  |TAMS 0x0000000708000000, 0x0000000708000000| Untracked 
|  46|0x0000000708200000, 0x0000000708200000, 0x0000000708400000|  0%| F|  |TAMS 0x0000000708200000, 0x0000000708200000| Untracked 
|  47|0x0000000708400000, 0x0000000708400000, 0x0000000708600000|  0%| F|  |TAMS 0x0000000708400000, 0x0000000708400000| Untracked 
|  48|0x0000000708600000, 0x0000000708600000, 0x0000000708800000|  0%| F|  |TAMS 0x0000000708600000, 0x0000000708600000| Untracked 
|  49|0x0000000708800000, 0x0000000708800000, 0x0000000708a00000|  0%| F|  |TAMS 0x0000000708800000, 0x0000000708800000| Untracked 
|  50|0x0000000708a00000, 0x0000000708a00000, 0x0000000708c00000|  0%| F|  |TAMS 0x0000000708a00000, 0x0000000708a00000| Untracked 
|  51|0x0000000708c00000, 0x0000000708c00000, 0x0000000708e00000|  0%| F|  |TAMS 0x0000000708c00000, 0x0000000708c00000| Untracked 
|  52|0x0000000708e00000, 0x0000000708e00000, 0x0000000709000000|  0%| F|  |TAMS 0x0000000708e00000, 0x0000000708e00000| Untracked 
|  53|0x0000000709000000, 0x0000000709000000, 0x0000000709200000|  0%| F|  |TAMS 0x0000000709000000, 0x0000000709000000| Untracked 
|  54|0x0000000709200000, 0x0000000709200000, 0x0000000709400000|  0%| F|  |TAMS 0x0000000709200000, 0x0000000709200000| Untracked 
|  55|0x0000000709400000, 0x0000000709400000, 0x0000000709600000|  0%| F|  |TAMS 0x0000000709400000, 0x0000000709400000| Untracked 
|  56|0x0000000709600000, 0x0000000709600000, 0x0000000709800000|  0%| F|  |TAMS 0x0000000709600000, 0x0000000709600000| Untracked 
|  57|0x0000000709800000, 0x0000000709800000, 0x0000000709a00000|  0%| F|  |TAMS 0x0000000709800000, 0x0000000709800000| Untracked 
|  58|0x0000000709a00000, 0x0000000709a00000, 0x0000000709c00000|  0%| F|  |TAMS 0x0000000709a00000, 0x0000000709a00000| Untracked 
|  59|0x0000000709c00000, 0x0000000709c00000, 0x0000000709e00000|  0%| F|  |TAMS 0x0000000709c00000, 0x0000000709c00000| Untracked 
|  60|0x0000000709e00000, 0x0000000709e00000, 0x000000070a000000|  0%| F|  |TAMS 0x0000000709e00000, 0x0000000709e00000| Untracked 
|  61|0x000000070a000000, 0x000000070a000000, 0x000000070a200000|  0%| F|  |TAMS 0x000000070a000000, 0x000000070a000000| Untracked 
|  62|0x000000070a200000, 0x000000070a200000, 0x000000070a400000|  0%| F|  |TAMS 0x000000070a200000, 0x000000070a200000| Untracked 
|  63|0x000000070a400000, 0x000000070a400000, 0x000000070a600000|  0%| F|  |TAMS 0x000000070a400000, 0x000000070a400000| Untracked 
|  64|0x000000070a600000, 0x000000070a600000, 0x000000070a800000|  0%| F|  |TAMS 0x000000070a600000, 0x000000070a600000| Untracked 
|  65|0x000000070a800000, 0x000000070a800000, 0x000000070aa00000|  0%| F|  |TAMS 0x000000070a800000, 0x000000070a800000| Untracked 
|  66|0x000000070aa00000, 0x000000070aa00000, 0x000000070ac00000|  0%| F|  |TAMS 0x000000070aa00000, 0x000000070aa00000| Untracked 
|  67|0x000000070ac00000, 0x000000070ac00000, 0x000000070ae00000|  0%| F|  |TAMS 0x000000070ac00000, 0x000000070ac00000| Untracked 
|  68|0x000000070ae00000, 0x000000070ae00000, 0x000000070b000000|  0%| F|  |TAMS 0x000000070ae00000, 0x000000070ae00000| Untracked 
|  69|0x000000070b000000, 0x000000070b000000, 0x000000070b200000|  0%| F|  |TAMS 0x000000070b000000, 0x000000070b000000| Untracked 
|  70|0x000000070b200000, 0x000000070b200000, 0x000000070b400000|  0%| F|  |TAMS 0x000000070b200000, 0x000000070b200000| Untracked 
|  71|0x000000070b400000, 0x000000070b400000, 0x000000070b600000|  0%| F|  |TAMS 0x000000070b400000, 0x000000070b400000| Untracked 
|  72|0x000000070b600000, 0x000000070b600000, 0x000000070b800000|  0%| F|  |TAMS 0x000000070b600000, 0x000000070b600000| Untracked 
|  73|0x000000070b800000, 0x000000070b800000, 0x000000070ba00000|  0%| F|  |TAMS 0x000000070b800000, 0x000000070b800000| Untracked 
|  74|0x000000070ba00000, 0x000000070ba00000, 0x000000070bc00000|  0%| F|  |TAMS 0x000000070ba00000, 0x000000070ba00000| Untracked 
|  75|0x000000070bc00000, 0x000000070bc00000, 0x000000070be00000|  0%| F|  |TAMS 0x000000070bc00000, 0x000000070bc00000| Untracked 
|  76|0x000000070be00000, 0x000000070be00000, 0x000000070c000000|  0%| F|  |TAMS 0x000000070be00000, 0x000000070be00000| Untracked 
|  77|0x000000070c000000, 0x000000070c000000, 0x000000070c200000|  0%| F|  |TAMS 0x000000070c000000, 0x000000070c000000| Untracked 
|  78|0x000000070c200000, 0x000000070c200000, 0x000000070c400000|  0%| F|  |TAMS 0x000000070c200000, 0x000000070c200000| Untracked 
|  79|0x000000070c400000, 0x000000070c400000, 0x000000070c600000|  0%| F|  |TAMS 0x000000070c400000, 0x000000070c400000| Untracked 
|  80|0x000000070c600000, 0x000000070c600000, 0x000000070c800000|  0%| F|  |TAMS 0x000000070c600000, 0x000000070c600000| Untracked 
|  81|0x000000070c800000, 0x000000070c800000, 0x000000070ca00000|  0%| F|  |TAMS 0x000000070c800000, 0x000000070c800000| Untracked 
|  82|0x000000070ca00000, 0x000000070ca00000, 0x000000070cc00000|  0%| F|  |TAMS 0x000000070ca00000, 0x000000070ca00000| Untracked 
|  83|0x000000070cc00000, 0x000000070cc00000, 0x000000070ce00000|  0%| F|  |TAMS 0x000000070cc00000, 0x000000070cc00000| Untracked 
|  84|0x000000070ce00000, 0x000000070ce00000, 0x000000070d000000|  0%| F|  |TAMS 0x000000070ce00000, 0x000000070ce00000| Untracked 
|  85|0x000000070d000000, 0x000000070d000000, 0x000000070d200000|  0%| F|  |TAMS 0x000000070d000000, 0x000000070d000000| Untracked 
|  86|0x000000070d200000, 0x000000070d200000, 0x000000070d400000|  0%| F|  |TAMS 0x000000070d200000, 0x000000070d200000| Untracked 
|  87|0x000000070d400000, 0x000000070d400000, 0x000000070d600000|  0%| F|  |TAMS 0x000000070d400000, 0x000000070d400000| Untracked 
|  88|0x000000070d600000, 0x000000070d600000, 0x000000070d800000|  0%| F|  |TAMS 0x000000070d600000, 0x000000070d600000| Untracked 
|  89|0x000000070d800000, 0x000000070d800000, 0x000000070da00000|  0%| F|  |TAMS 0x000000070d800000, 0x000000070d800000| Untracked 
|  90|0x000000070da00000, 0x000000070da00000, 0x000000070dc00000|  0%| F|  |TAMS 0x000000070da00000, 0x000000070da00000| Untracked 
|  91|0x000000070dc00000, 0x000000070dc00000, 0x000000070de00000|  0%| F|  |TAMS 0x000000070dc00000, 0x000000070dc00000| Untracked 
|  92|0x000000070de00000, 0x000000070de00000, 0x000000070e000000|  0%| F|  |TAMS 0x000000070de00000, 0x000000070de00000| Untracked 
|  93|0x000000070e000000, 0x000000070e000000, 0x000000070e200000|  0%| F|  |TAMS 0x000000070e000000, 0x000000070e000000| Untracked 
|  94|0x000000070e200000, 0x000000070e200000, 0x000000070e400000|  0%| F|  |TAMS 0x000000070e200000, 0x000000070e200000| Untracked 
|  95|0x000000070e400000, 0x000000070e400000, 0x000000070e600000|  0%| F|  |TAMS 0x000000070e400000, 0x000000070e400000| Untracked 
|  96|0x000000070e600000, 0x000000070e600000, 0x000000070e800000|  0%| F|  |TAMS 0x000000070e600000, 0x000000070e600000| Untracked 
|  97|0x000000070e800000, 0x000000070e800000, 0x000000070ea00000|  0%| F|  |TAMS 0x000000070e800000, 0x000000070e800000| Untracked 
|  98|0x000000070ea00000, 0x000000070ea00000, 0x000000070ec00000|  0%| F|  |TAMS 0x000000070ea00000, 0x000000070ea00000| Untracked 
|  99|0x000000070ec00000, 0x000000070ec00000, 0x000000070ee00000|  0%| F|  |TAMS 0x000000070ec00000, 0x000000070ec00000| Untracked 
| 100|0x000000070ee00000, 0x000000070ee00000, 0x000000070f000000|  0%| F|  |TAMS 0x000000070ee00000, 0x000000070ee00000| Untracked 
| 101|0x000000070f000000, 0x000000070f000000, 0x000000070f200000|  0%| F|  |TAMS 0x000000070f000000, 0x000000070f000000| Untracked 
| 102|0x000000070f200000, 0x000000070f200000, 0x000000070f400000|  0%| F|  |TAMS 0x000000070f200000, 0x000000070f200000| Untracked 
| 103|0x000000070f400000, 0x000000070f500800, 0x000000070f600000| 50%| E|  |TAMS 0x000000070f400000, 0x000000070f400000| Complete 
| 104|0x000000070f600000, 0x000000070f800000, 0x000000070f800000|100%| S|CS|TAMS 0x000000070f600000, 0x000000070f600000| Complete 
| 105|0x000000070f800000, 0x000000070fa00000, 0x000000070fa00000|100%| S|CS|TAMS 0x000000070f800000, 0x000000070f800000| Complete 
| 106|0x000000070fa00000, 0x000000070fc00000, 0x000000070fc00000|100%| S|CS|TAMS 0x000000070fa00000, 0x000000070fa00000| Complete 
| 107|0x000000070fc00000, 0x000000070fe00000, 0x000000070fe00000|100%| E|CS|TAMS 0x000000070fc00000, 0x000000070fc00000| Complete 
| 108|0x000000070fe00000, 0x0000000710000000, 0x0000000710000000|100%| E|CS|TAMS 0x000000070fe00000, 0x000000070fe00000| Complete 
| 109|0x0000000710000000, 0x0000000710200000, 0x0000000710200000|100%| E|CS|TAMS 0x0000000710000000, 0x0000000710000000| Complete 
| 110|0x0000000710200000, 0x0000000710400000, 0x0000000710400000|100%| E|CS|TAMS 0x0000000710200000, 0x0000000710200000| Complete 
| 111|0x0000000710400000, 0x0000000710600000, 0x0000000710600000|100%| E|CS|TAMS 0x0000000710400000, 0x0000000710400000| Complete 
| 112|0x0000000710600000, 0x0000000710800000, 0x0000000710800000|100%| E|CS|TAMS 0x0000000710600000, 0x0000000710600000| Complete 
| 113|0x0000000710800000, 0x0000000710a00000, 0x0000000710a00000|100%| E|CS|TAMS 0x0000000710800000, 0x0000000710800000| Complete 
| 114|0x0000000710a00000, 0x0000000710c00000, 0x0000000710c00000|100%| E|CS|TAMS 0x0000000710a00000, 0x0000000710a00000| Complete 
| 115|0x0000000710c00000, 0x0000000710e00000, 0x0000000710e00000|100%| E|CS|TAMS 0x0000000710c00000, 0x0000000710c00000| Complete 
| 116|0x0000000710e00000, 0x0000000711000000, 0x0000000711000000|100%| E|CS|TAMS 0x0000000710e00000, 0x0000000710e00000| Complete 
| 117|0x0000000711000000, 0x0000000711200000, 0x0000000711200000|100%| E|CS|TAMS 0x0000000711000000, 0x0000000711000000| Complete 
| 118|0x0000000711200000, 0x0000000711400000, 0x0000000711400000|100%| E|CS|TAMS 0x0000000711200000, 0x0000000711200000| Complete 
| 119|0x0000000711400000, 0x0000000711600000, 0x0000000711600000|100%| E|CS|TAMS 0x0000000711400000, 0x0000000711400000| Complete 
| 120|0x0000000711600000, 0x0000000711800000, 0x0000000711800000|100%| E|CS|TAMS 0x0000000711600000, 0x0000000711600000| Complete 
| 121|0x0000000711800000, 0x0000000711a00000, 0x0000000711a00000|100%| E|CS|TAMS 0x0000000711800000, 0x0000000711800000| Complete 
| 122|0x0000000711a00000, 0x0000000711c00000, 0x0000000711c00000|100%| E|CS|TAMS 0x0000000711a00000, 0x0000000711a00000| Complete 
| 123|0x0000000711c00000, 0x0000000711e00000, 0x0000000711e00000|100%| E|CS|TAMS 0x0000000711c00000, 0x0000000711c00000| Complete 
| 124|0x0000000711e00000, 0x0000000712000000, 0x0000000712000000|100%| E|CS|TAMS 0x0000000711e00000, 0x0000000711e00000| Complete 
| 125|0x0000000712000000, 0x0000000712200000, 0x0000000712200000|100%| E|CS|TAMS 0x0000000712000000, 0x0000000712000000| Complete 
| 126|0x0000000712200000, 0x0000000712400000, 0x0000000712400000|100%| E|CS|TAMS 0x0000000712200000, 0x0000000712200000| Complete 

Card table byte_map: [0x000001bb1e520000,0x000001bb1ed10000] _byte_map_base: 0x000001bb1ad0d000

Marking Bits (Prev, Next): (CMBitMap*) 0x000001bb03f39af0, (CMBitMap*) 0x000001bb03f39b30
 Prev Bits: [0x000001bb1f500000, 0x000001bb23468000)
 Next Bits: [0x000001bb23470000, 0x000001bb273d8000)

Polling page: 0x000001bb03c00000

Metaspace:

Usage:
  Non-class:     17.10 MB used.
      Class:      2.83 MB used.
       Both:     19.93 MB used.

Virtual space:
  Non-class space:       24.00 MB reserved,      17.25 MB ( 72%) committed,  3 nodes.
      Class space:        1.00 GB reserved,       3.00 MB ( <1%) committed,  1 nodes.
              Both:        1.02 GB reserved,      20.25 MB (  2%) committed. 

Chunk freelists:
   Non-Class:  2.22 MB
       Class:  864.00 KB
        Both:  3.06 MB

MaxMetaspaceSize: 17179869184.00 GB
CompressedClassSpaceSize: 1.00 GB
 - commit_granule_bytes: 65536.
 - commit_granule_words: 8192.
 - virtual_space_node_default_size: 1048576.
 - enlarge_chunks_in_place: 1.
 - new_chunks_are_fully_committed: 0.
 - uncommit_free_chunks: 1.
 - use_allocation_guard: 0.
 - handle_deallocations: 1.


Internal statistics:

num_allocs_failed_limit: 0.
num_arena_births: 312.
num_arena_deaths: 0.
num_vsnodes_births: 4.
num_vsnodes_deaths: 0.
num_space_committed: 324.
num_space_uncommitted: 0.
num_chunks_returned_to_freelist: 0.
num_chunks_taken_from_freelist: 991.
num_chunk_merges: 0.
num_chunk_splits: 662.
num_chunks_enlarged: 478.
num_purges: 0.

CodeHeap 'non-profiled nmethods': size=120000Kb used=1302Kb max_used=1302Kb free=118697Kb
 bounds [0x000001bb15b80000, 0x000001bb15df0000, 0x000001bb1d0b0000]
CodeHeap 'profiled nmethods': size=120000Kb used=6882Kb max_used=6882Kb free=113117Kb
 bounds [0x000001bb0e650000, 0x000001bb0ed10000, 0x000001bb15b80000]
CodeHeap 'non-nmethods': size=5760Kb used=1468Kb max_used=1562Kb free=4291Kb
 bounds [0x000001bb0e0b0000, 0x000001bb0e320000, 0x000001bb0e650000]
 total_blobs=4269 nmethods=3431 adapters=749
 compilation: enabled
              stopped_count=0, restarted_count=0
 full_count=0

Compilation events (20 events):
Event: 4.635 Thread 0x000001bb2a0e69b0 3373       3       java.lang.invoke.MethodHandleImpl::makePairwiseConvertByEditor (627 bytes)
Event: 4.637 Thread 0x000001bb3040dcd0 nmethod 3177 0x000001bb15cc0210 code [0x000001bb15cc0400, 0x000001bb15cc0b28]
Event: 4.637 Thread 0x000001bb3040dcd0 3165       4       java.lang.invoke.Invokers$Holder::linkToTargetMethod (9 bytes)
Event: 4.638 Thread 0x000001bb3040dcd0 nmethod 3165 0x000001bb15cc1090 code [0x000001bb15cc1220, 0x000001bb15cc12f8]
Event: 4.638 Thread 0x000001bb3040dcd0 3117       4       java.lang.invoke.DirectMethodHandle$Holder::newInvokeSpecial (21 bytes)
Event: 4.641 Thread 0x000001bb3040dcd0 nmethod 3117 0x000001bb15cc1410 code [0x000001bb15cc15a0, 0x000001bb15cc1768]
Event: 4.641 Thread 0x000001bb3040dcd0 3178       4       com.sun.javafx.css.StyleManager$CacheContainer::getStyleMap (43 bytes)
Event: 4.641 Thread 0x000001bb2a0e69b0 nmethod 3373 0x000001bb0ecd2b90 code [0x000001bb0ecd33a0, 0x000001bb0ecd8918]
Event: 4.641 Thread 0x000001bb2a0e69b0 3374       3       java.lang.invoke.MethodHandleImpl::computeValueConversions (121 bytes)
Event: 4.642 Thread 0x000001bb2a0e69b0 nmethod 3374 0x000001bb0ecda890 code [0x000001bb0ecdaaa0, 0x000001bb0ecdb2f8]
Event: 4.642 Thread 0x000001bb2a0e69b0 3375       3       java.lang.invoke.MethodHandleImpl::countNonNull (42 bytes)
Event: 4.642 Thread 0x000001bb2a0e69b0 nmethod 3375 0x000001bb0ecdb690 code [0x000001bb0ecdb840, 0x000001bb0ecdba98]
Event: 4.642 Thread 0x000001bb2a0e69b0 3372       3       java.lang.invoke.MethodHandleImpl::makePairwiseConvert (22 bytes)
Event: 4.643 Thread 0x000001bb2a0e69b0 nmethod 3372 0x000001bb0ecdbb90 code [0x000001bb0ecdbd40, 0x000001bb0ecdbf68]
Event: 4.643 Thread 0x000001bb2a0e69b0 3377       3       java.lang.invoke.DirectMethodHandle$Constructor::viewAsType (49 bytes)
Event: 4.643 Thread 0x000001bb2a0e69b0 nmethod 3377 0x000001bb0ecdc090 code [0x000001bb0ecdc240, 0x000001bb0ecdc428]
Event: 4.643 Thread 0x000001bb2a0e69b0 3376       3       com.sun.javafx.event.EventHandlerManager::<init> (21 bytes)
Event: 4.643 Thread 0x000001bb2a0e69b0 nmethod 3376 0x000001bb0ecdc510 code [0x000001bb0ecdc6e0, 0x000001bb0ecdcaf8]
Event: 4.644 Thread 0x000001bb2a0e69b0 3379       3       java.lang.invoke.MethodHandles$Lookup::restrictReceiver (127 bytes)
Event: 4.644 Thread 0x000001bb2a0e69b0 nmethod 3379 0x000001bb0ecdcc90 code [0x000001bb0ecdcea0, 0x000001bb0ecdd3e8]

GC Heap History (4 events):
Event: 0.503 GC heap before
{Heap before GC invocations=0 (full 0):
 garbage-first heap   total 260096K, used 20480K [0x0000000702600000, 0x0000000800000000)
  region size 2048K, 11 young (22528K), 0 survivors (0K)
 Metaspace       used 3666K, committed 3904K, reserved 1056768K
  class space    used 373K, committed 512K, reserved 1048576K
}
Event: 0.506 GC heap after
{Heap after GC invocations=1 (full 0):
 garbage-first heap   total 260096K, used 2420K [0x0000000702600000, 0x0000000800000000)
  region size 2048K, 2 young (4096K), 2 survivors (4096K)
 Metaspace       used 3666K, committed 3904K, reserved 1056768K
  class space    used 373K, committed 512K, reserved 1048576K
}
Event: 1.061 GC heap before
{Heap before GC invocations=1 (full 0):
 garbage-first heap   total 260096K, used 37236K [0x0000000702600000, 0x0000000800000000)
  region size 2048K, 20 young (40960K), 2 survivors (4096K)
 Metaspace       used 13539K, committed 13760K, reserved 1064960K
  class space    used 2036K, committed 2176K, reserved 1048576K
}
Event: 1.066 GC heap after
{Heap after GC invocations=2 (full 0):
 garbage-first heap   total 260096K, used 7265K [0x0000000702600000, 0x0000000800000000)
  region size 2048K, 3 young (6144K), 3 survivors (6144K)
 Metaspace       used 13539K, committed 13760K, reserved 1064960K
  class space    used 2036K, committed 2176K, reserved 1048576K
}

Deoptimization events (20 events):
Event: 4.455 Thread 0x000001bb2b5b97d0 Uncommon trap: trap_request=0xffffffd6 fr.pc=0x000001bb15c9ffb8 relative=0x0000000000002198
Event: 4.455 Thread 0x000001bb2b5b97d0 Uncommon trap: reason=array_check action=maybe_recompile pc=0x000001bb15c9ffb8 method=javafx.css.SimpleSelector.applies(Ljavafx/css/Styleable;[Ljava/util/Set;I)Z @ 37 c2
Event: 4.455 Thread 0x000001bb2b5b97d0 DEOPT PACKING pc=0x000001bb15c9ffb8 sp=0x0000004b10dfa9b0
Event: 4.455 Thread 0x000001bb2b5b97d0 DEOPT UNPACKING pc=0x000001bb0e0fd72e sp=0x0000004b10dfa9c8 mode 2
Event: 4.455 Thread 0x000001bb2b5b97d0 Uncommon trap: trap_request=0xffffffd6 fr.pc=0x000001bb15c9ffb8 relative=0x0000000000002198
Event: 4.455 Thread 0x000001bb2b5b97d0 Uncommon trap: reason=array_check action=maybe_recompile pc=0x000001bb15c9ffb8 method=javafx.css.SimpleSelector.applies(Ljavafx/css/Styleable;[Ljava/util/Set;I)Z @ 37 c2
Event: 4.455 Thread 0x000001bb2b5b97d0 DEOPT PACKING pc=0x000001bb15c9ffb8 sp=0x0000004b10dfa9b0
Event: 4.455 Thread 0x000001bb2b5b97d0 DEOPT UNPACKING pc=0x000001bb0e0fd72e sp=0x0000004b10dfa9c8 mode 2
Event: 4.455 Thread 0x000001bb2b5b97d0 Uncommon trap: trap_request=0xffffffd6 fr.pc=0x000001bb15c9ffb8 relative=0x0000000000002198
Event: 4.455 Thread 0x000001bb2b5b97d0 Uncommon trap: reason=array_check action=maybe_recompile pc=0x000001bb15c9ffb8 method=javafx.css.SimpleSelector.applies(Ljavafx/css/Styleable;[Ljava/util/Set;I)Z @ 37 c2
Event: 4.455 Thread 0x000001bb2b5b97d0 DEOPT PACKING pc=0x000001bb15c9ffb8 sp=0x0000004b10dfaab0
Event: 4.455 Thread 0x000001bb2b5b97d0 DEOPT UNPACKING pc=0x000001bb0e0fd72e sp=0x0000004b10dfaac8 mode 2
Event: 4.560 Thread 0x000001bb2b5b97d0 Uncommon trap: trap_request=0xffffff45 fr.pc=0x000001bb15c0ab7c relative=0x000000000000005c
Event: 4.560 Thread 0x000001bb2b5b97d0 Uncommon trap: reason=unstable_if action=reinterpret pc=0x000001bb15c0ab7c method=java.util.Objects.equals(Ljava/lang/Object;Ljava/lang/Object;)Z @ 6 c2
Event: 4.560 Thread 0x000001bb2b5b97d0 DEOPT PACKING pc=0x000001bb15c0ab7c sp=0x0000004b10dfb0c0
Event: 4.560 Thread 0x000001bb2b5b97d0 DEOPT UNPACKING pc=0x000001bb0e0fd72e sp=0x0000004b10dfb060 mode 2
Event: 4.632 Thread 0x000001bb2b5b97d0 DEOPT PACKING pc=0x000001bb0e9a9a64 sp=0x0000004b10dfd3a0
Event: 4.632 Thread 0x000001bb2b5b97d0 DEOPT UNPACKING pc=0x000001bb0e0fdece sp=0x0000004b10dfc880 mode 0
Event: 4.632 Thread 0x000001bb2b5b97d0 DEOPT PACKING pc=0x000001bb0e9a9a64 sp=0x0000004b10dfdc00
Event: 4.632 Thread 0x000001bb2b5b97d0 DEOPT UNPACKING pc=0x000001bb0e0fdece sp=0x0000004b10dfd0e0 mode 0

Classes unloaded (0 events):
No events

Classes redefined (0 events):
No events

Internal exceptions (20 events):
Event: 4.041 Thread 0x000001bb2b5b97d0 Exception <a 'java/lang/NoSuchMethodError'{0x0000000711ae1a68}: 'java.lang.Object java.lang.invoke.DirectMethodHandle$Holder.invokeStatic(java.lang.Object, java.lang.Object, int)'> (0x0000000711ae1a68) 
thrown [c:\wsjdk\correttojdksrc\installers\windows\zip\corretto-build\buildroot\src\hotspot\share\interpreter\linkResolver.cpp, line 790]
Event: 4.041 Thread 0x000001bb2b5b97d0 Exception <a 'java/lang/NoSuchMethodError'{0x0000000711ae5e78}: 'void java.lang.invoke.DirectMethodHandle$Holder.invokeStatic(java.lang.Object, java.lang.Object, int, java.lang.Object)'> (0x0000000711ae5e78) 
thrown [c:\wsjdk\correttojdksrc\installers\windows\zip\corretto-build\buildroot\src\hotspot\share\interpreter\linkResolver.cpp, line 790]
Event: 4.042 Thread 0x000001bb2b5b97d0 Exception <a 'java/lang/NoSuchMethodError'{0x0000000711aed3d8}: 'void java.lang.invoke.DelegatingMethodHandle$Holder.delegate(java.lang.Object, java.lang.Object, int, java.lang.Object)'> (0x0000000711aed3d8) 
thrown [c:\wsjdk\correttojdksrc\installers\windows\zip\corretto-build\buildroot\src\hotspot\share\interpreter\linkResolver.cpp, line 790]
Event: 4.042 Thread 0x000001bb2b5b97d0 Exception <a 'java/lang/NoSuchMethodError'{0x0000000711af1828}: 'int java.lang.invoke.DirectMethodHandle$Holder.invokeSpecial(java.lang.Object, java.lang.Object, java.lang.Object)'> (0x0000000711af1828) 
thrown [c:\wsjdk\correttojdksrc\installers\windows\zip\corretto-build\buildroot\src\hotspot\share\interpreter\linkResolver.cpp, line 790]
Event: 4.043 Thread 0x000001bb2b5b97d0 Exception <a 'java/lang/NoSuchMethodError'{0x0000000711af59e0}: 'int java.lang.invoke.DirectMethodHandle$Holder.invokeStatic(java.lang.Object, java.lang.Object, int)'> (0x0000000711af59e0) 
thrown [c:\wsjdk\correttojdksrc\installers\windows\zip\corretto-build\buildroot\src\hotspot\share\interpreter\linkResolver.cpp, line 790]
Event: 4.043 Thread 0x000001bb2b5b97d0 Exception <a 'java/lang/NoSuchMethodError'{0x0000000711af9c60}: 'int java.lang.invoke.DirectMethodHandle$Holder.invokeSpecial(java.lang.Object, java.lang.Object, java.lang.Object, int)'> (0x0000000711af9c60) 
thrown [c:\wsjdk\correttojdksrc\installers\windows\zip\corretto-build\buildroot\src\hotspot\share\interpreter\linkResolver.cpp, line 790]
Event: 4.044 Thread 0x000001bb2b5b97d0 Exception <a 'java/lang/NoSuchMethodError'{0x0000000711afe388}: 'long java.lang.invoke.DirectMethodHandle$Holder.invokeStatic(java.lang.Object, java.lang.Object, int)'> (0x0000000711afe388) 
thrown [c:\wsjdk\correttojdksrc\installers\windows\zip\corretto-build\buildroot\src\hotspot\share\interpreter\linkResolver.cpp, line 790]
Event: 4.049 Thread 0x000001bb2b5b97d0 Exception <a 'java/lang/NoSuchMethodError'{0x0000000711827c78}: 'java.lang.Object java.lang.invoke.DirectMethodHandle$Holder.invokeStatic(java.lang.Object, java.lang.Object, java.lang.Object, java.lang.Object, int)'> (0x0000000711827c78) 
thrown [c:\wsjdk\correttojdksrc\installers\windows\zip\corretto-build\buildroot\src\hotspot\share\interpreter\linkResolver.cpp, line 790]
Event: 4.053 Thread 0x000001bb2b5b97d0 Exception <a 'java/lang/NoSuchMethodError'{0x0000000711856190}: 'java.lang.Object java.lang.invoke.Invokers$Holder.invokeExact_MT(java.lang.Object, java.lang.Object, java.lang.Object, java.lang.Object)'> (0x0000000711856190) 
thrown [c:\wsjdk\correttojdksrc\installers\windows\zip\corretto-build\buildroot\src\hotspot\share\interpreter\linkResolver.cpp, line 790]
Event: 4.142 Thread 0x000001bb2b5b97d0 StackOverflowError at 0x000001bb0ea6e2c0
Event: 4.142 Thread 0x000001bb2b5b97d0 Exception <a 'java/lang/StackOverflowError'{0x000000071143e1e8}> (0x000000071143e1e8) 
thrown [c:\wsjdk\correttojdksrc\installers\windows\zip\corretto-build\buildroot\src\hotspot\share\runtime\sharedRuntime.cpp, line 624]
Event: 4.144 Thread 0x000001bb2b5b97d0 Exception <a 'java/lang/reflect/InvocationTargetException'{0x0000000711443710}> (0x0000000711443710) 
thrown [c:\wsjdk\correttojdksrc\installers\windows\zip\corretto-build\buildroot\src\hotspot\share\runtime\reflection.cpp, line 1157]
Event: 4.202 Thread 0x000001bb2b5b97d0 Exception <a 'java/io/FileNotFoundException'{0x000000071134e160}> (0x000000071134e160) 
thrown [c:\wsjdk\correttojdksrc\installers\windows\zip\corretto-build\buildroot\src\hotspot\share\prims\jni.cpp, line 579]
Event: 4.246 Thread 0x000001bb2b5b97d0 StackOverflowError at 0x000001bb15c163c0
Event: 4.247 Thread 0x000001bb2b5b97d0 Exception <a 'java/lang/StackOverflowError'{0x00000007110f0428}> (0x00000007110f0428) 
thrown [c:\wsjdk\correttojdksrc\installers\windows\zip\corretto-build\buildroot\src\hotspot\share\runtime\sharedRuntime.cpp, line 624]
Event: 4.249 Thread 0x000001bb2b5b97d0 Exception <a 'java/lang/reflect/InvocationTargetException'{0x00000007110f5950}> (0x00000007110f5950) 
thrown [c:\wsjdk\correttojdksrc\installers\windows\zip\corretto-build\buildroot\src\hotspot\share\runtime\reflection.cpp, line 1157]
Event: 4.300 Thread 0x000001bb2b5b97d0 StackOverflowError at 0x000001bb15c163c0
Event: 4.300 Thread 0x000001bb2b5b97d0 Exception <a 'java/lang/StackOverflowError'{0x0000000710c4e440}> (0x0000000710c4e440) 
thrown [c:\wsjdk\correttojdksrc\installers\windows\zip\corretto-build\buildroot\src\hotspot\share\runtime\sharedRuntime.cpp, line 624]
Event: 4.302 Thread 0x000001bb2b5b97d0 Exception <a 'java/lang/reflect/InvocationTargetException'{0x0000000710c53968}> (0x0000000710c53968) 
thrown [c:\wsjdk\correttojdksrc\installers\windows\zip\corretto-build\buildroot\src\hotspot\share\runtime\reflection.cpp, line 1157]
Event: 4.347 Thread 0x000001bb30fa2ae0 Exception <a 'sun/nio/fs/WindowsException'{0x0000000710b49fb0}> (0x0000000710b49fb0) 
thrown [c:\wsjdk\correttojdksrc\installers\windows\zip\corretto-build\buildroot\src\hotspot\share\prims\jni.cpp, line 579]

Events (20 events):
Event: 4.350 loading class java/util/concurrent/Executors$FinalizableDelegatedExecutorService done
Event: 4.350 Executing  VM operation: HandshakeAllThreads
Event: 4.350 Executing  VM operation: HandshakeAllThreads done
Event: 4.356 Executing  VM operation: HandshakeAllThreads
Event: 4.356 Executing  VM operation: HandshakeAllThreads done
Event: 4.365 loading class java/util/concurrent/locks/ReentrantReadWriteLock$Sync$HoldCounter
Event: 4.365 loading class java/util/concurrent/locks/ReentrantReadWriteLock$Sync$HoldCounter done
Event: 4.368 Executing  VM operation: HandshakeAllThreads
Event: 4.368 Executing  VM operation: HandshakeAllThreads done
Event: 4.396 Thread 0x000001bb30fa15a0 Thread added: 0x000001bb30fa15a0
Event: 4.448 Executing  VM operation: ICBufferFull
Event: 4.448 Executing  VM operation: ICBufferFull done
Event: 4.631 loading class java/lang/Throwable$WrappedPrintStream
Event: 4.631 loading class java/lang/Throwable$PrintStreamOrWriter
Event: 4.631 loading class java/lang/Throwable$PrintStreamOrWriter done
Event: 4.631 loading class java/lang/Throwable$WrappedPrintStream done
Event: 4.636 Executing  VM operation: HandshakeAllThreads
Event: 4.636 Executing  VM operation: HandshakeAllThreads done
Event: 4.645 Executing  VM operation: ICBufferFull
Event: 4.645 Executing  VM operation: ICBufferFull done


Dynamic libraries:
0x00007ff791590000 - 0x00007ff79159d000 	C:\JDK16\bin\java.exe
0x00007ffa88210000 - 0x00007ffa88408000 	C:\Windows\SYSTEM32\ntdll.dll
0x00007ffa88110000 - 0x00007ffa881cf000 	C:\Windows\System32\KERNEL32.DLL
0x00007ffa85b70000 - 0x00007ffa85e4a000 	C:\Windows\System32\KERNELBASE.dll
0x00007ffa86080000 - 0x00007ffa86180000 	C:\Windows\System32\ucrtbase.dll
0x00007ffa7c3b0000 - 0x00007ffa7c3c8000 	C:\JDK16\bin\jli.dll
0x00007ffa7d1e0000 - 0x00007ffa7d1f5000 	C:\JDK16\bin\VCRUNTIME140.dll
0x00007ffa86f90000 - 0x00007ffa8712d000 	C:\Windows\System32\USER32.dll
0x00007ffa85b40000 - 0x00007ffa85b62000 	C:\Windows\System32\win32u.dll
0x00007ffa68660000 - 0x00007ffa688fa000 	C:\Windows\WinSxS\amd64_microsoft.windows.common-controls_6595b64144ccf1df_6.0.19041.1110_none_60b5254171f9507e\COMCTL32.dll
0x00007ffa875a0000 - 0x00007ffa875cb000 	C:\Windows\System32\GDI32.dll
0x00007ffa86860000 - 0x00007ffa868fe000 	C:\Windows\System32\msvcrt.dll
0x00007ffa85f00000 - 0x00007ffa86010000 	C:\Windows\System32\gdi32full.dll
0x00007ffa86180000 - 0x00007ffa8621d000 	C:\Windows\System32\msvcp_win.dll
0x00007ffa88000000 - 0x00007ffa88030000 	C:\Windows\System32\IMM32.DLL
0x00007ffa6e850000 - 0x00007ffa6e8eb000 	C:\JDK16\bin\msvcp140.dll
0x00007ffa3e700000 - 0x00007ffa3f309000 	C:\JDK16\bin\server\jvm.dll
0x00007ffa86900000 - 0x00007ffa869ae000 	C:\Windows\System32\ADVAPI32.dll
0x00007ffa87f60000 - 0x00007ffa87ffc000 	C:\Windows\System32\sechost.dll
0x00007ffa86460000 - 0x00007ffa86586000 	C:\Windows\System32\RPCRT4.dll
0x00007ffa867f0000 - 0x00007ffa867f8000 	C:\Windows\System32\PSAPI.DLL
0x00007ffa7eda0000 - 0x00007ffa7edaa000 	C:\Windows\SYSTEM32\VERSION.dll
0x00007ffa70cf0000 - 0x00007ffa70d17000 	C:\Windows\SYSTEM32\WINMM.dll
0x00007ffa6c0b0000 - 0x00007ffa6c0b9000 	C:\Windows\SYSTEM32\WSOCK32.dll
0x00007ffa86f20000 - 0x00007ffa86f8b000 	C:\Windows\System32\WS2_32.dll
0x00007ffa837e0000 - 0x00007ffa837f2000 	C:\Windows\SYSTEM32\kernel.appcore.dll
0x00007ffa816a0000 - 0x00007ffa816aa000 	C:\JDK16\bin\jimage.dll
0x00007ffa702c0000 - 0x00007ffa704a4000 	C:\Windows\SYSTEM32\DBGHELP.DLL
0x00007ffa6c100000 - 0x00007ffa6c134000 	C:\Windows\SYSTEM32\dbgcore.DLL
0x00007ffa85ab0000 - 0x00007ffa85b32000 	C:\Windows\System32\bcryptPrimitives.dll
0x00007ffa81690000 - 0x00007ffa8169e000 	C:\JDK16\bin\instrument.dll
0x00007ffa7b0b0000 - 0x00007ffa7b0d5000 	C:\JDK16\bin\java.dll
0x00007ffa87690000 - 0x00007ffa87dd4000 	C:\Windows\System32\SHELL32.dll
0x00007ffa839e0000 - 0x00007ffa84173000 	C:\Windows\SYSTEM32\windows.storage.dll
0x00007ffa869b0000 - 0x00007ffa86d04000 	C:\Windows\System32\combase.dll
0x00007ffa85380000 - 0x00007ffa853ae000 	C:\Windows\SYSTEM32\Wldp.dll
0x00007ffa863b0000 - 0x00007ffa8645d000 	C:\Windows\System32\SHCORE.dll
0x00007ffa87f00000 - 0x00007ffa87f55000 	C:\Windows\System32\shlwapi.dll
0x00007ffa85860000 - 0x00007ffa8587f000 	C:\Windows\SYSTEM32\profapi.dll
0x00007ffa7af30000 - 0x00007ffa7af49000 	C:\JDK16\bin\net.dll
0x00007ffa7e080000 - 0x00007ffa7e18a000 	C:\Windows\SYSTEM32\WINHTTP.dll
0x00007ffa850e0000 - 0x00007ffa8514a000 	C:\Windows\system32\mswsock.dll
0x00007ffa7af10000 - 0x00007ffa7af23000 	C:\JDK16\bin\nio.dll
0x00007ffa7b090000 - 0x00007ffa7b0a8000 	C:\JDK16\bin\zip.dll
0x00007ffa7a2a0000 - 0x00007ffa7a2ba000 	E:\IntelliJ IDEA 2022.2.3\bin\breakgen64.dll
0x000001bb04000000 - 0x000001bb04003000 	C:\Users\danil\.openjfx\cache\19.0.2.1+1\amd64\api-ms-win-core-console-l1-1-0.dll
0x000001bb2a220000 - 0x000001bb2a223000 	C:\Users\danil\.openjfx\cache\19.0.2.1+1\amd64\api-ms-win-core-console-l1-2-0.dll
0x000001bb2a230000 - 0x000001bb2a233000 	C:\Users\danil\.openjfx\cache\19.0.2.1+1\amd64\api-ms-win-core-datetime-l1-1-0.dll
0x000001bb2a240000 - 0x000001bb2a243000 	C:\Users\danil\.openjfx\cache\19.0.2.1+1\amd64\api-ms-win-core-debug-l1-1-0.dll
0x000001bb2a250000 - 0x000001bb2a253000 	C:\Users\danil\.openjfx\cache\19.0.2.1+1\amd64\api-ms-win-core-errorhandling-l1-1-0.dll
0x000001bb2a260000 - 0x000001bb2a264000 	C:\Users\danil\.openjfx\cache\19.0.2.1+1\amd64\api-ms-win-core-file-l1-1-0.dll
0x000001bb2a270000 - 0x000001bb2a273000 	C:\Users\danil\.openjfx\cache\19.0.2.1+1\amd64\api-ms-win-core-file-l1-2-0.dll
0x000001bb2a280000 - 0x000001bb2a283000 	C:\Users\danil\.openjfx\cache\19.0.2.1+1\amd64\api-ms-win-core-file-l2-1-0.dll
0x000001bb2a290000 - 0x000001bb2a293000 	C:\Users\danil\.openjfx\cache\19.0.2.1+1\amd64\api-ms-win-core-handle-l1-1-0.dll
0x000001bb2a2a0000 - 0x000001bb2a2a3000 	C:\Users\danil\.openjfx\cache\19.0.2.1+1\amd64\api-ms-win-core-heap-l1-1-0.dll
0x000001bb2a2b0000 - 0x000001bb2a2b3000 	C:\Users\danil\.openjfx\cache\19.0.2.1+1\amd64\api-ms-win-core-interlocked-l1-1-0.dll
0x000001bb2a2c0000 - 0x000001bb2a2c3000 	C:\Users\danil\.openjfx\cache\19.0.2.1+1\amd64\api-ms-win-core-libraryloader-l1-1-0.dll
0x000001bb2a2d0000 - 0x000001bb2a2d3000 	C:\Users\danil\.openjfx\cache\19.0.2.1+1\amd64\api-ms-win-core-localization-l1-2-0.dll
0x000001bb2a2e0000 - 0x000001bb2a2e3000 	C:\Users\danil\.openjfx\cache\19.0.2.1+1\amd64\api-ms-win-core-memory-l1-1-0.dll
0x000001bb2a2f0000 - 0x000001bb2a2f3000 	C:\Users\danil\.openjfx\cache\19.0.2.1+1\amd64\api-ms-win-core-namedpipe-l1-1-0.dll
0x000001bb2a300000 - 0x000001bb2a303000 	C:\Users\danil\.openjfx\cache\19.0.2.1+1\amd64\api-ms-win-core-processenvironment-l1-1-0.dll
0x000001bb2a310000 - 0x000001bb2a313000 	C:\Users\danil\.openjfx\cache\19.0.2.1+1\amd64\api-ms-win-core-processthreads-l1-1-0.dll
0x000001bb2a320000 - 0x000001bb2a323000 	C:\Users\danil\.openjfx\cache\19.0.2.1+1\amd64\api-ms-win-core-processthreads-l1-1-1.dll
0x000001bb2a330000 - 0x000001bb2a333000 	C:\Users\danil\.openjfx\cache\19.0.2.1+1\amd64\api-ms-win-core-profile-l1-1-0.dll
0x000001bb2a340000 - 0x000001bb2a343000 	C:\Users\danil\.openjfx\cache\19.0.2.1+1\amd64\api-ms-win-core-rtlsupport-l1-1-0.dll
0x000001bb2a350000 - 0x000001bb2a353000 	C:\Users\danil\.openjfx\cache\19.0.2.1+1\amd64\api-ms-win-core-string-l1-1-0.dll
0x000001bb2a360000 - 0x000001bb2a363000 	C:\Users\danil\.openjfx\cache\19.0.2.1+1\amd64\api-ms-win-core-synch-l1-1-0.dll
0x000001bb2a370000 - 0x000001bb2a373000 	C:\Users\danil\.openjfx\cache\19.0.2.1+1\amd64\api-ms-win-core-synch-l1-2-0.dll
0x000001bb2a380000 - 0x000001bb2a383000 	C:\Users\danil\.openjfx\cache\19.0.2.1+1\amd64\api-ms-win-core-sysinfo-l1-1-0.dll
0x000001bb2a390000 - 0x000001bb2a393000 	C:\Users\danil\.openjfx\cache\19.0.2.1+1\amd64\api-ms-win-core-timezone-l1-1-0.dll
0x000001bb2a3a0000 - 0x000001bb2a3a3000 	C:\Users\danil\.openjfx\cache\19.0.2.1+1\amd64\api-ms-win-core-util-l1-1-0.dll
0x000001bb2a3b0000 - 0x000001bb2a3b3000 	C:\Users\danil\.openjfx\cache\19.0.2.1+1\amd64\api-ms-win-crt-conio-l1-1-0.dll
0x000001bb2a3c0000 - 0x000001bb2a3c4000 	C:\Users\danil\.openjfx\cache\19.0.2.1+1\amd64\api-ms-win-crt-convert-l1-1-0.dll
0x000001bb2a3d0000 - 0x000001bb2a3d3000 	C:\Users\danil\.openjfx\cache\19.0.2.1+1\amd64\api-ms-win-crt-environment-l1-1-0.dll
0x000001bb2a3e0000 - 0x000001bb2a3e3000 	C:\Users\danil\.openjfx\cache\19.0.2.1+1\amd64\api-ms-win-crt-filesystem-l1-1-0.dll
0x000001bb2a3f0000 - 0x000001bb2a3f3000 	C:\Users\danil\.openjfx\cache\19.0.2.1+1\amd64\api-ms-win-crt-heap-l1-1-0.dll
0x000001bb2b800000 - 0x000001bb2b803000 	C:\Users\danil\.openjfx\cache\19.0.2.1+1\amd64\api-ms-win-crt-locale-l1-1-0.dll
0x000001bb2b810000 - 0x000001bb2b815000 	C:\Users\danil\.openjfx\cache\19.0.2.1+1\amd64\api-ms-win-crt-math-l1-1-0.dll
0x000001bb2b820000 - 0x000001bb2b825000 	C:\Users\danil\.openjfx\cache\19.0.2.1+1\amd64\api-ms-win-crt-multibyte-l1-1-0.dll
0x000001bb2b830000 - 0x000001bb2b840000 	C:\Users\danil\.openjfx\cache\19.0.2.1+1\amd64\api-ms-win-crt-private-l1-1-0.dll
0x000001bb2b840000 - 0x000001bb2b843000 	C:\Users\danil\.openjfx\cache\19.0.2.1+1\amd64\api-ms-win-crt-process-l1-1-0.dll
0x000001bb2b850000 - 0x000001bb2b854000 	C:\Users\danil\.openjfx\cache\19.0.2.1+1\amd64\api-ms-win-crt-runtime-l1-1-0.dll
0x000001bb2b860000 - 0x000001bb2b864000 	C:\Users\danil\.openjfx\cache\19.0.2.1+1\amd64\api-ms-win-crt-stdio-l1-1-0.dll
0x000001bb2b870000 - 0x000001bb2b874000 	C:\Users\danil\.openjfx\cache\19.0.2.1+1\amd64\api-ms-win-crt-string-l1-1-0.dll
0x000001bb2b880000 - 0x000001bb2b883000 	C:\Users\danil\.openjfx\cache\19.0.2.1+1\amd64\api-ms-win-crt-time-l1-1-0.dll
0x000001bb2b890000 - 0x000001bb2b893000 	C:\Users\danil\.openjfx\cache\19.0.2.1+1\amd64\api-ms-win-crt-utility-l1-1-0.dll
0x00007ffa47ac0000 - 0x00007ffa47bbc000 	C:\Users\danil\.openjfx\cache\19.0.2.1+1\amd64\ucrtbase.dll
0x00007ffa7a460000 - 0x00007ffa7a47b000 	C:\Users\danil\.openjfx\cache\19.0.2.1+1\amd64\vcruntime140.dll
0x00007ffa80a70000 - 0x00007ffa80a7c000 	C:\Users\danil\.openjfx\cache\19.0.2.1+1\amd64\vcruntime140_1.dll
0x00007ffa6d9f0000 - 0x00007ffa6da7e000 	C:\Users\danil\.openjfx\cache\19.0.2.1+1\amd64\msvcp140.dll
0x00007ffa80510000 - 0x00007ffa80519000 	C:\Users\danil\.openjfx\cache\19.0.2.1+1\amd64\msvcp140_1.dll
0x00007ffa7a430000 - 0x00007ffa7a460000 	C:\Users\danil\.openjfx\cache\19.0.2.1+1\amd64\msvcp140_2.dll
0x00007ffa70b30000 - 0x00007ffa70b5c000 	C:\Users\danil\.openjfx\cache\19.0.2.1+1\amd64\prism_d3d.dll
0x00007ffa7a910000 - 0x00007ffa7aadd000 	C:\Windows\system32\d3d9.dll
0x00007ffa83600000 - 0x00007ffa8362f000 	C:\Windows\SYSTEM32\dwmapi.dll
0x00007ffa83220000 - 0x00007ffa832be000 	C:\Windows\system32\uxtheme.dll
0x00007ffa49450000 - 0x00007ffa495fd000 	C:\Windows\System32\DriverStore\FileRepository\iigd_dch.inf_amd64_b53c057d22ce6f37\igdumdim64.dll
0x00007ffa86d20000 - 0x00007ffa86e4a000 	C:\Windows\System32\ole32.dll
0x00007ffa0f5d0000 - 0x00007ffa12673000 	C:\Windows\System32\DriverStore\FileRepository\iigd_dch.inf_amd64_b53c057d22ce6f37\igd9dxva64.dll
0x00007ffa86e50000 - 0x00007ffa86f1d000 	C:\Windows\System32\OLEAUT32.dll
0x00007ffa87130000 - 0x00007ffa87598000 	C:\Windows\System32\SETUPAPI.dll
0x00007ffa86220000 - 0x00007ffa8626e000 	C:\Windows\System32\cfgmgr32.dll
0x00007ffa85a80000 - 0x00007ffa85aa7000 	C:\Windows\System32\bcrypt.dll
0x00007ffa7b1f0000 - 0x00007ffa7b5f9000 	C:\Windows\System32\DriverStore\FileRepository\iigd_dch.inf_amd64_b53c057d22ce6f37\igdgmm64.dll
0x00007ffa70ae0000 - 0x00007ffa70b22000 	C:\Users\danil\.openjfx\cache\19.0.2.1+1\amd64\glass.dll
0x00007ffa88030000 - 0x00007ffa8810a000 	C:\Windows\System32\COMDLG32.dll
0x00007ffa87de0000 - 0x00007ffa87ef4000 	C:\Windows\System32\MSCTF.dll
0x00007ffa73130000 - 0x00007ffa73157000 	C:\Windows\System32\DriverStore\FileRepository\iigd_dch.inf_amd64_b53c057d22ce6f37\igdinfo64.dll
0x00007ffa766c0000 - 0x00007ffa79e54000 	C:\Windows\System32\DriverStore\FileRepository\iigd_dch.inf_amd64_b53c057d22ce6f37\igc64.dll
0x00007ffa7d110000 - 0x00007ffa7d14b000 	C:\Windows\SYSTEM32\dxcore.dll
0x00007ffa762d0000 - 0x00007ffa762e4000 	C:\Users\danil\.openjfx\cache\19.0.2.1+1\amd64\javafx_font.dll
0x00007ffa61190000 - 0x00007ffa6140f000 	C:\Windows\SYSTEM32\dwrite.dll
0x00007ffa86300000 - 0x00007ffa863a9000 	C:\Windows\System32\clbcatq.dll
0x00007ffa7e6b0000 - 0x00007ffa7e864000 	C:\Windows\SYSTEM32\WindowsCodecs.dll
0x00007ffa605e0000 - 0x00007ffa6061e000 	C:\Windows\system32\dataexchange.dll
0x00007ffa82630000 - 0x00007ffa82813000 	C:\Windows\system32\dcomp.dll
0x00007ffa816d0000 - 0x00007ffa81933000 	C:\Windows\system32\d3d11.dll
0x00007ffa841e0000 - 0x00007ffa842d3000 	C:\Windows\system32\dxgi.dll
0x00007ffa7eba0000 - 0x00007ffa7eda0000 	C:\Windows\system32\twinapi.appcore.dll
0x00007ffa5aea0000 - 0x00007ffa5aed4000 	C:\Program Files\Common Files\Microsoft Shared\Ink\rtscom.dll
0x00007ffa7c240000 - 0x00007ffa7c339000 	C:\Windows\SYSTEM32\textinputframework.dll
0x00007ffa82f00000 - 0x00007ffa82ff2000 	C:\Windows\System32\CoreMessaging.dll
0x00007ffa82ba0000 - 0x00007ffa82efe000 	C:\Windows\System32\CoreUIComponents.dll
0x00007ffa84ad0000 - 0x00007ffa84b03000 	C:\Windows\SYSTEM32\ntmarta.dll
0x00007ffa824d0000 - 0x00007ffa82624000 	C:\Windows\SYSTEM32\wintypes.dll
0x00007ffa84dc0000 - 0x00007ffa84e8b000 	C:\Windows\SYSTEM32\DNSAPI.dll
0x00007ffa84d80000 - 0x00007ffa84dbc000 	C:\Windows\SYSTEM32\IPHLPAPI.DLL
0x00007ffa862f0000 - 0x00007ffa862f8000 	C:\Windows\System32\NSI.dll

dbghelp: loaded successfully - version: 4.0.5 - missing functions: none
symbol engine: initialized successfully - sym options: 0x614 - pdb path: .;C:\JDK16\bin;C:\Windows\SYSTEM32;C:\Windows\WinSxS\amd64_microsoft.windows.common-controls_6595b64144ccf1df_6.0.19041.1110_none_60b5254171f9507e;C:\JDK16\bin\server;E:\IntelliJ IDEA 2022.2.3\bin;C:\Users\danil\.openjfx\cache\19.0.2.1+1\amd64;C:\Windows\System32\DriverStore\FileRepository\iigd_dch.inf_amd64_b53c057d22ce6f37;C:\Program Files\Common Files\Microsoft Shared\Ink;C:\Program Files\Bonjour

VM Arguments:
jvm_args: -javaagent:E:\IntelliJ IDEA 2022.2.3\lib\idea_rt.jar=58323:E:\IntelliJ IDEA 2022.2.3\bin -Dfile.encoding=UTF-8 --module-path=C:\Users\danil\.m2\repository\com\github\almasb\fxgl-entity\11.17\fxgl-entity-11.17.jar;C:\Users\danil\.m2\repository\com\github\almasb\fxgl\11.17\fxgl-11.17.jar;C:\Users\danil\.m2\repository\com\fasterxml\jackson\core\jackson-databind\2.12.1\jackson-databind-2.12.1.jar;C:\Users\danil\.m2\repository\org\openjfx\javafx-media\19.0.2.1\javafx-media-19.0.2.1-win.jar;C:\Users\danil\.m2\repository\org\controlsfx\controlsfx\11.1.2\controlsfx-11.1.2.jar;C:\Users\danil\.m2\repository\org\jetbrains\kotlin\kotlin-stdlib\1.5.10\kotlin-stdlib-1.5.10-modular.jar;E:\IdeaProjects\labafx\target\classes;C:\Users\danil\.m2\repository\com\github\almasb\fxgl-core\11.17\fxgl-core-11.17.jar;C:\Users\danil\.m2\repository\com\github\almasb\fxgl-gameplay\11.17\fxgl-gameplay-11.17.jar;C:\Users\danil\.m2\repository\com\gluonhq\attach\storage\4.0.9\storage-4.0.9.jar;C:\Users\danil\.m2\repository\com\gluonhq\attach\lifecycle\4.0.9\lifecycle-4.0.9.jar;C:\Users\danil\.m2\repository\org\openjfx\javafx-fxml\19.0.2.1\javafx-fxml-19.0.2.1-win.jar;C:\Users\danil\.m2\repository\org\kordamp\bootstrapfx\bootstrapfx-core\0.4.0\bootstrapfx-core-0.4.0.jar;C:\Users\danil\.m2\repository\com\gluonhq\attach\audio\4.0.9\audio-4.0.9.jar;C:\Users\danil\.m2\repository\org\openjfx\javafx-base\19.0.2.1\javafx-base-19.0.2.1-win.jar;C:\Users\danil\.m2\repository\com\github\almasb\fxgl-scene\11.17\fxgl-scene-11.17.jar;C:\Users\danil\.m2\repository\com\github\almasb\fxgl-io\11.17\fxgl-io-11.17.jar;E:\IdeaProjects\ticketLib\out\artifacts\ticketLib_jar\ticketLib.jar;C:\Users\danil\.m2\repository\org\openjfx\javafx-graphics\19.0.2.1\javafx-graphics-19.0.2.1-win.jar;C:\Users\danil\.m2\repository\com\fasterxml\jackson\core\jackson-core\2.12.1\jackson-core-2.12.1.jar;C:\Users\danil\.m2\repository\com\gluonhq\attach\util\4.0.9\util-4.0.9.jar;C:\Users\danil\.m2\repository\com\fasterxml\jackson\core\jackson-annotations\2.12.1\jackson-annotations-2.12.1.jar;C:\Users\danil\.m2\repository\com\dlsc\formsfx\formsfx-core\-Djdk.module.main=client.labafx 
java_command: client.labafx/client.labafx.Client
java_class_path (initial): C:\Users\danil\.m2\repository\org\openjfx\javafx-controls\19.0.2.1\javafx-controls-19.0.2.1.jar;C:\Users\danil\.m2\repository\org\openjfx\javafx-graphics\19.0.2.1\javafx-graphics-19.0.2.1.jar;C:\Users\danil\.m2\repository\org\openjfx\javafx-base\19.0.2.1\javafx-base-19.0.2.1.jar;C:\Users\danil\.m2\repository\org\openjfx\javafx-fxml\19.0.2.1\javafx-fxml-19.0.2.1.jar;C:\Users\danil\.m2\repository\org\openjfx\javafx-media\19.0.2.1\javafx-media-19.0.2.1.jar;C:\Users\danil\.m2\repository\org\jetbrains\annotations\13.0\annotations-13.0.jar;C:\Users\danil\.m2\repository\org\jetbrains\kotlin\kotlin-stdlib-common\1.5.10\kotlin-stdlib-common-1.5.10.jar;C:\Users\danil\.m2\repository\org\apache\logging\log4j\log4j-core\2.20.0\log4j-core-2.20.0.jar;C:\Users\danil\.m2\repository\org\apache\logging\log4j\log4j-api\2.20.0\log4j-api-2.20.0.jar;C:\Users\danil\.m2\repository\org\postgresql\postgresql\42.6.0\postgresql-42.6.0.jar;C:\Users\danil\.m2\repository\org\checkerframework\checker-qual\3.31.0\checker-qual-3.31.0.jar
Launcher Type: SUN_STANDARD

[Global flags]
     intx CICompilerCount                          = 4                                         {product} {ergonomic}
     uint ConcGCThreads                            = 3                                         {product} {ergonomic}
     uint G1ConcRefinementThreads                  = 10                                        {product} {ergonomic}
   size_t G1HeapRegionSize                         = 2097152                                   {product} {ergonomic}
    uintx GCDrainStackTargetSize                   = 64                                        {product} {ergonomic}
   size_t InitialHeapSize                          = 266338304                                 {product} {ergonomic}
   size_t MarkStackSize                            = 4194304                                   {product} {ergonomic}
   size_t MaxHeapSize                              = 4255121408                                {product} {ergonomic}
   size_t MaxNewSize                               = 2552233984                                {product} {ergonomic}
   size_t MinHeapDeltaBytes                        = 2097152                                   {product} {ergonomic}
   size_t MinHeapSize                              = 8388608                                   {product} {ergonomic}
    uintx NonNMethodCodeHeapSize                   = 5839372                                {pd product} {ergonomic}
    uintx NonProfiledCodeHeapSize                  = 122909434                              {pd product} {ergonomic}
    uintx ProfiledCodeHeapSize                     = 122909434                              {pd product} {ergonomic}
    uintx ReservedCodeCacheSize                    = 251658240                              {pd product} {ergonomic}
     bool SegmentedCodeCache                       = true                                      {product} {ergonomic}
   size_t SoftMaxHeapSize                          = 4255121408                             {manageable} {ergonomic}
     bool UseCompressedClassPointers               = true                           {product lp64_product} {ergonomic}
     bool UseCompressedOops                        = true                           {product lp64_product} {ergonomic}
     bool UseG1GC                                  = true                                      {product} {ergonomic}
     bool UseLargePagesIndividualAllocation        = false                                  {pd product} {ergonomic}

Logging:
Log output configuration:
 #0: stdout all=warning uptime,level,tags
 #1: stderr all=off uptime,level,tags

Environment Variables:
PATH=C:\ProgramData\Oracle\Java\javapath;C:\Windows\system32;C:\Windows;C:\Windows\System32\Wbem;C:\Windows\System32\WindowsPowerShell\v1.0\;C:\Windows\System32\OpenSSH\;C:\Program Files\NVIDIA Corporation\NVIDIA NvDLISR;C:\Program Files\dotnet\;C:\Program Files (x86)\NVIDIA Corporation\PhysX\Common;C:\Program Files\Git\cmd;C:\Program Files\WorldPainter;C:\Python310\Scripts\;C:\Python310\;C:\Python311\Scripts\;C:\Python311\;C:\Python36\Scripts\;C:\Python36\;C:\Users\danil\AppData\Local\Microsoft\WindowsApps;;E:\IntelliJ IDEA 2022.2.3\bin;;E:\CLion 2022.2.3\bin;;E:\PyCharm 2022.2.2\bin;
USERNAME=danil
OS=Windows_NT
PROCESSOR_IDENTIFIER=Intel64 Family 6 Model 158 Stepping 10, GenuineIntel



---------------  S Y S T E M  ---------------

OS:
 Windows 10 , 64 bit Build 19041 (10.0.19041.2788)
OS uptime: 5 days 21:38 hours

CPU: total 12 (initial active 12) (6 cores per cpu, 2 threads per core) family 6 model 158 stepping 10 microcode 0xb4, cx8, cmov, fxsr, ht, mmx, 3dnowpref, sse, sse2, sse3, ssse3, sse4.1, sse4.2, popcnt, lzcnt, tsc, tscinvbit, avx, avx2, aes, erms, clmul, bmi1, bmi2, adx, fma, vzeroupper, clflush, clflushopt

Memory: 4k page, system-wide physical 16227M (1953M free)
TotalPageFile size 34896M (AvailPageFile size 5M)
current process WorkingSet (physical memory assigned to process): 208M, peak: 209M
current process commit charge ("private bytes"): 459M, peak: 467M

vm_info: OpenJDK 64-Bit Server VM (16.0.2+7) for windows-amd64 JRE (16.0.2+7), built on Jul 22 2021 01:11:46 by "Administrator" with MS VC++ 15.9 (VS2017)

END.
